After Close Engine Prediction
Generated: 2025-08-21T13:35:47.552055
Symbol: AMD
Direction: SKIP
Expected Open: $168.05
Confidence: 2.6%

Full Prediction JSON:
{
  "timestamp": "2025-08-21T13:35:47.552055",
  "symbol": "AMD",
  "direction": "SKIP",
  "expected_open": 168.05,
  "confidence": 0.026,
  "prediction_value": 0.0529,
  "current_price": 168.0,
  "features": {
    "overnight_futures_pct": -1.7613,
    "net_options_flow": -1.0606,
    "news_sentiment_score": 0.3457,
    "global_index_impact_score": -0.0525,
    "prior_close_return": -0.0911,
    "intraday_volatility": -3.3847
  },
  "model_predictions": {
    "lightgbm": 0.0529,
    "lstm": 0.0
  },
  "model_version": "v1.0",
  "confidence_threshold": 0.7
}