After Close Engine Prediction
Generated: 2025-08-21T17:11:58.303396
Symbol: AMD
Direction: SKIP
Expected Open: $168.33
Confidence: 16.3%

Full Prediction JSON:
{
  "timestamp": "2025-08-21T17:11:58.303396",
  "symbol": "AMD",
  "direction": "SKIP",
  "expected_open": 168.33,
  "confidence": 0.163,
  "prediction_value": 0.3266,
  "current_price": 168.0,
  "features": {
    "overnight_futures_pct": 0.5462,
    "net_options_flow": -0.6888,
    "news_sentiment_score": -0.9462,
    "global_index_impact_score": 0.8507,
    "prior_close_return": -0.0879,
    "intraday_volatility": -3.3893
  },
  "model_predictions": {
    "lightgbm": 0.3266,
    "lstm": 0.0
  },
  "model_version": "v1.0",
  "confidence_threshold": 0.7
}