After Close Engine Prediction
Generated: 2025-08-21T15:00:22.051929
Symbol: AMD
Direction: SKIP
Expected Open: $168.33
Confidence: 16.3%

Full Prediction JSON:
{
  "timestamp": "2025-08-21T15:00:22.051929",
  "symbol": "AMD",
  "direction": "SKIP",
  "expected_open": 168.33,
  "confidence": 0.163,
  "prediction_value": 0.3265,
  "current_price": 168.0,
  "features": {
    "overnight_futures_pct": -0.4898,
    "net_options_flow": -0.4898,
    "news_sentiment_score": 0.6005,
    "global_index_impact_score": 0.512,
    "prior_close_return": -0.0892,
    "intraday_volatility": -3.3864
  },
  "model_predictions": {
    "lightgbm": 0.3265,
    "lstm": 0.0
  },
  "model_version": "v1.0",
  "confidence_threshold": 0.7
}