After Close Engine Prediction
Generated: 2025-08-19T17:54:05.512677
Symbol: AMD
Direction: SKIP
Expected Open: $167.87
Confidence: 6.4%

Full Prediction JSON:
{
  "timestamp": "2025-08-19T17:54:05.512677",
  "symbol": "AMD",
  "direction": "SKIP",
  "expected_open": 167.87,
  "confidence": 0.064,
  "prediction_value": -0.1283,
  "current_price": 168.0,
  "features": {
    "overnight_futures_pct": -0.5186,
    "net_options_flow": -2.5964,
    "news_sentiment_score": -1.2374,
    "global_index_impact_score": -1.3127,
    "prior_close_return": -0.0882,
    "intraday_volatility": -3.4009
  },
  "model_predictions": {
    "lightgbm": -0.1283,
    "lstm": 0.0
  },
  "model_version": "v1.0",
  "confidence_threshold": 0.7
}