After Close Engine Prediction
Generated: 2025-08-20T18:16:52.714288
Symbol: AMD
Direction: SKIP
Expected Open: $167.91
Confidence: 4.4%

Full Prediction JSON:
{
  "timestamp": "2025-08-20T18:16:52.714288",
  "symbol": "AMD",
  "direction": "SKIP",
  "expected_open": 167.91,
  "confidence": 0.044,
  "prediction_value": -0.0871,
  "current_price": 168.0,
  "features": {
    "overnight_futures_pct": -1.9818,
    "net_options_flow": 0.8827,
    "news_sentiment_score": 1.6741,
    "global_index_impact_score": 2.5014,
    "prior_close_return": -0.0889,
    "intraday_volatility": -3.39
  },
  "model_predictions": {
    "lightgbm": -0.0871,
    "lstm": 0.0
  },
  "model_version": "v1.0",
  "confidence_threshold": 0.7
}