After Close Engine Prediction
Generated: 2025-08-20T18:54:08.566545
Symbol: AMD
Direction: SKIP
Expected Open: $168.47
Confidence: 23.6%

Full Prediction JSON:
{
  "timestamp": "2025-08-20T18:54:08.566545",
  "symbol": "AMD",
  "direction": "SKIP",
  "expected_open": 168.47,
  "confidence": 0.236,
  "prediction_value": 0.472,
  "current_price": 168.0,
  "features": {
    "overnight_futures_pct": 0.1729,
    "net_options_flow": -1.0644,
    "news_sentiment_score": 1.1828,
    "global_index_impact_score": 1.8576,
    "prior_close_return": -0.0819,
    "intraday_volatility": -3.3909
  },
  "model_predictions": {
    "lightgbm": 0.472,
    "lstm": 0.0
  },
  "model_version": "v1.0",
  "confidence_threshold": 0.7
}