After Close Engine Prediction
Generated: 2025-08-19T19:32:15.364447
Symbol: AMD
Direction: SKIP
Expected Open: $168.51
Confidence: 25.3%

Full Prediction JSON:
{
  "timestamp": "2025-08-19T19:32:15.364447",
  "symbol": "AMD",
  "direction": "SKIP",
  "expected_open": 168.51,
  "confidence": 0.253,
  "prediction_value": 0.5059,
  "current_price": 168.0,
  "features": {
    "overnight_futures_pct": 1.6699,
    "net_options_flow": -3.1253,
    "news_sentiment_score": 0.5641,
    "global_index_impact_score": 1.1619,
    "prior_close_return": -0.0881,
    "intraday_volatility": -3.4031
  },
  "model_predictions": {
    "lightgbm": 0.5059,
    "lstm": 0.0
  },
  "model_version": "v1.0",
  "confidence_threshold": 0.7
}