After Close Engine Prediction
Generated: 2025-08-20T14:50:26.208247
Symbol: AMD
Direction: SKIP
Expected Open: $167.75
Confidence: 12.6%

Full Prediction JSON:
{
  "timestamp": "2025-08-20T14:50:26.208247",
  "symbol": "AMD",
  "direction": "SKIP",
  "expected_open": 167.75,
  "confidence": 0.126,
  "prediction_value": -0.2514,
  "current_price": 168.0,
  "features": {
    "overnight_futures_pct": 1.9405,
    "net_options_flow": 2.5324,
    "news_sentiment_score": -1.8015,
    "global_index_impact_score": -1.6849,
    "prior_close_return": -0.0956,
    "intraday_volatility": -3.392
  },
  "model_predictions": {
    "lightgbm": -0.2514,
    "lstm": 0.0
  },
  "model_version": "v1.0",
  "confidence_threshold": 0.7
}