After Close Engine Prediction
Generated: 2025-08-21T13:15:25.486788
Symbol: AMD
Direction: SKIP
Expected Open: $167.72
Confidence: 13.9%

Full Prediction JSON:
{
  "timestamp": "2025-08-21T13:15:25.486788",
  "symbol": "AMD",
  "direction": "SKIP",
  "expected_open": 167.72,
  "confidence": 0.139,
  "prediction_value": -0.2785,
  "current_price": 168.0,
  "features": {
    "overnight_futures_pct": -1.2114,
    "net_options_flow": 2.6911,
    "news_sentiment_score": 1.0554,
    "global_index_impact_score": -0.0891,
    "prior_close_return": -0.0814,
    "intraday_volatility": -3.3908
  },
  "model_predictions": {
    "lightgbm": -0.2785,
    "lstm": 0.0
  },
  "model_version": "v1.0",
  "confidence_threshold": 0.7
}