After Close Engine Prediction
Generated: 2025-08-19T18:23:45.204321
Symbol: AMD
Direction: SKIP
Expected Open: $168.13
Confidence: 6.3%

Full Prediction JSON:
{
  "timestamp": "2025-08-19T18:23:45.204321",
  "symbol": "AMD",
  "direction": "SKIP",
  "expected_open": 168.13,
  "confidence": 0.063,
  "prediction_value": 0.1253,
  "current_price": 168.0,
  "features": {
    "overnight_futures_pct": -0.1566,
    "net_options_flow": -1.1084,
    "news_sentiment_score": -1.6923,
    "global_index_impact_score": 2.7059,
    "prior_close_return": -0.0863,
    "intraday_volatility": -3.4007
  },
  "model_predictions": {
    "lightgbm": 0.1253,
    "lstm": 0.0
  },
  "model_version": "v1.0",
  "confidence_threshold": 0.7
}