After Close Engine Prediction
Generated: 2025-08-19T19:45:13.818063
Symbol: AMD
Direction: SKIP
Expected Open: $168.26
Confidence: 13.2%

Full Prediction JSON:
{
  "timestamp": "2025-08-19T19:45:13.818063",
  "symbol": "AMD",
  "direction": "SKIP",
  "expected_open": 168.26,
  "confidence": 0.132,
  "prediction_value": 0.2632,
  "current_price": 168.0,
  "features": {
    "overnight_futures_pct": 0.4535,
    "net_options_flow": 2.4058,
    "news_sentiment_score": 0.4003,
    "global_index_impact_score": 0.5273,
    "prior_close_return": -0.0856,
    "intraday_volatility": -3.403
  },
  "model_predictions": {
    "lightgbm": 0.2632,
    "lstm": 0.0
  },
  "model_version": "v1.0",
  "confidence_threshold": 0.7
}