After Close Engine Prediction
Generated: 2025-08-21T14:25:02.483261
Symbol: AMD
Direction: SKIP
Expected Open: $168.17
Confidence: 8.7%

Full Prediction JSON:
{
  "timestamp": "2025-08-21T14:25:02.483261",
  "symbol": "AMD",
  "direction": "SKIP",
  "expected_open": 168.17,
  "confidence": 0.087,
  "prediction_value": 0.1745,
  "current_price": 168.0,
  "features": {
    "overnight_futures_pct": 0.5036,
    "net_options_flow": -1.5763,
    "news_sentiment_score": -1.3648,
    "global_index_impact_score": 0.0543,
    "prior_close_return": -0.089,
    "intraday_volatility": -3.3847
  },
  "model_predictions": {
    "lightgbm": 0.1745,
    "lstm": 0.0
  },
  "model_version": "v1.0",
  "confidence_threshold": 0.7
}