After Close Engine Prediction
Generated: 2025-08-21T15:56:49.271579
Symbol: AMD
Direction: SKIP
Expected Open: $168.19
Confidence: 9.5%

Full Prediction JSON:
{
  "timestamp": "2025-08-21T15:56:49.271579",
  "symbol": "AMD",
  "direction": "SKIP",
  "expected_open": 168.19,
  "confidence": 0.095,
  "prediction_value": 0.1891,
  "current_price": 168.0,
  "features": {
    "overnight_futures_pct": 0.3733,
    "net_options_flow": -0.524,
    "news_sentiment_score": 0.1456,
    "global_index_impact_score": -0.6383,
    "prior_close_return": -0.0934,
    "intraday_volatility": -3.3881
  },
  "model_predictions": {
    "lightgbm": 0.1891,
    "lstm": 0.0
  },
  "model_version": "v1.0",
  "confidence_threshold": 0.7
}