After Close Engine Prediction
Generated: 2025-08-20T18:40:28.325926
Symbol: AMD
Direction: SKIP
Expected Open: $168.36
Confidence: 17.8%

Full Prediction JSON:
{
  "timestamp": "2025-08-20T18:40:28.325926",
  "symbol": "AMD",
  "direction": "SKIP",
  "expected_open": 168.36,
  "confidence": 0.178,
  "prediction_value": 0.3567,
  "current_price": 168.0,
  "features": {
    "overnight_futures_pct": 1.3053,
    "net_options_flow": -0.5732,
    "news_sentiment_score": -0.2184,
    "global_index_impact_score": 2.1292,
    "prior_close_return": -0.0828,
    "intraday_volatility": -3.391
  },
  "model_predictions": {
    "lightgbm": 0.3567,
    "lstm": 0.0
  },
  "model_version": "v1.0",
  "confidence_threshold": 0.7
}