After Close Engine Prediction
Generated: 2025-08-20T16:58:09.783136
Symbol: AMD
Direction: SKIP
Expected Open: $168.03
Confidence: 1.7%

Full Prediction JSON:
{
  "timestamp": "2025-08-20T16:58:09.783136",
  "symbol": "AMD",
  "direction": "SKIP",
  "expected_open": 168.03,
  "confidence": 0.017,
  "prediction_value": 0.0335,
  "current_price": 168.0,
  "features": {
    "overnight_futures_pct": -0.7767,
    "net_options_flow": -1.59,
    "news_sentiment_score": 0.273,
    "global_index_impact_score": -0.7482,
    "prior_close_return": -0.0945,
    "intraday_volatility": -3.3884
  },
  "model_predictions": {
    "lightgbm": 0.0335,
    "lstm": 0.0
  },
  "model_version": "v1.0",
  "confidence_threshold": 0.7
}