After Close Engine Prediction
Generated: 2025-08-19T17:38:47.035835
Symbol: AMD
Direction: SKIP
Expected Open: $168.26
Confidence: 13.2%

Full Prediction JSON:
{
  "timestamp": "2025-08-19T17:38:47.035835",
  "symbol": "AMD",
  "direction": "SKIP",
  "expected_open": 168.26,
  "confidence": 0.132,
  "prediction_value": 0.2635,
  "current_price": 168.0,
  "features": {
    "overnight_futures_pct": 1.5947,
    "net_options_flow": -3.4167,
    "news_sentiment_score": 1.1646,
    "global_index_impact_score": -1.7643,
    "prior_close_return": -0.0839,
    "intraday_volatility": -3.4005
  },
  "model_predictions": {
    "lightgbm": 0.2635,
    "lstm": 0.0
  },
  "model_version": "v1.0",
  "confidence_threshold": 0.7
}