After Close Engine Prediction
Generated: 2025-08-19T17:14:18.221456
Symbol: AMD
Direction: SKIP
Expected Open: $168.26
Confidence: 13.2%

Full Prediction JSON:
{
  "timestamp": "2025-08-19T17:14:18.221456",
  "symbol": "AMD",
  "direction": "SKIP",
  "expected_open": 168.26,
  "confidence": 0.132,
  "prediction_value": 0.2634,
  "current_price": 168.0,
  "features": {
    "overnight_futures_pct": 1.7964,
    "net_options_flow": -2.2517,
    "news_sentiment_score": 0.4913,
    "global_index_impact_score": -0.3942,
    "prior_close_return": -0.1005,
    "intraday_volatility": -3.3991
  },
  "model_predictions": {
    "lightgbm": 0.2634,
    "lstm": 0.0
  },
  "model_version": "v1.0",
  "confidence_threshold": 0.7
}