After Close Engine Prediction
Generated: 2025-08-19T18:45:39.029960
Symbol: AMD
Direction: SKIP
Expected Open: $167.97
Confidence: 1.7%

Full Prediction JSON:
{
  "timestamp": "2025-08-19T18:45:39.029960",
  "symbol": "AMD",
  "direction": "SKIP",
  "expected_open": 167.97,
  "confidence": 0.017,
  "prediction_value": -0.034,
  "current_price": 168.0,
  "features": {
    "overnight_futures_pct": 0.8669,
    "net_options_flow": 0.8412,
    "news_sentiment_score": -1.6377,
    "global_index_impact_score": 0.2221,
    "prior_close_return": -0.0892,
    "intraday_volatility": -3.402
  },
  "model_predictions": {
    "lightgbm": -0.034,
    "lstm": 0.0
  },
  "model_version": "v1.0",
  "confidence_threshold": 0.7
}