After Close Engine Prediction
Generated: 2025-08-21T16:03:52.609173
Symbol: AMD
Direction: SKIP
Expected Open: $168.3
Confidence: 14.9%

Full Prediction JSON:
{
  "timestamp": "2025-08-21T16:03:52.609173",
  "symbol": "AMD",
  "direction": "SKIP",
  "expected_open": 168.3,
  "confidence": 0.149,
  "prediction_value": 0.2981,
  "current_price": 168.0,
  "features": {
    "overnight_futures_pct": -0.3119,
    "net_options_flow": -0.3072,
    "news_sentiment_score": 0.3093,
    "global_index_impact_score": 0.6463,
    "prior_close_return": -0.0939,
    "intraday_volatility": -3.388
  },
  "model_predictions": {
    "lightgbm": 0.2981,
    "lstm": 0.0
  },
  "model_version": "v1.0",
  "confidence_threshold": 0.7
}