After Close Engine Prediction
Generated: 2025-08-20T17:43:08.910428
Symbol: AMD
Direction: SKIP
Expected Open: $167.99
Confidence: 0.6%

Full Prediction JSON:
{
  "timestamp": "2025-08-20T17:43:08.910428",
  "symbol": "AMD",
  "direction": "SKIP",
  "expected_open": 167.99,
  "confidence": 0.006,
  "prediction_value": -0.0129,
  "current_price": 168.0,
  "features": {
    "overnight_futures_pct": -0.9909,
    "net_options_flow": -3.3227,
    "news_sentiment_score": 0.3639,
    "global_index_impact_score": -0.5804,
    "prior_close_return": -0.0817,
    "intraday_volatility": -3.3894
  },
  "model_predictions": {
    "lightgbm": -0.0129,
    "lstm": 0.0
  },
  "model_version": "v1.0",
  "confidence_threshold": 0.7
}