After Close Engine Prediction
Generated: 2025-08-19T18:57:15.868128
Symbol: AMD
Direction: SKIP
Expected Open: $168.19
Confidence: 9.5%

Full Prediction JSON:
{
  "timestamp": "2025-08-19T18:57:15.868128",
  "symbol": "AMD",
  "direction": "SKIP",
  "expected_open": 168.19,
  "confidence": 0.095,
  "prediction_value": 0.1891,
  "current_price": 168.0,
  "features": {
    "overnight_futures_pct": 0.4673,
    "net_options_flow": -0.566,
    "news_sentiment_score": 0.091,
    "global_index_impact_score": -1.9321,
    "prior_close_return": -0.0891,
    "intraday_volatility": -3.402
  },
  "model_predictions": {
    "lightgbm": 0.1891,
    "lstm": 0.0
  },
  "model_version": "v1.0",
  "confidence_threshold": 0.7
}