After Close Engine Prediction
Generated: 2025-08-19T19:02:16.043113
Symbol: AMD
Direction: SKIP
Expected Open: $168.27
Confidence: 13.6%

Full Prediction JSON:
{
  "timestamp": "2025-08-19T19:02:16.043113",
  "symbol": "AMD",
  "direction": "SKIP",
  "expected_open": 168.27,
  "confidence": 0.136,
  "prediction_value": 0.2718,
  "current_price": 168.0,
  "features": {
    "overnight_futures_pct": 0.6928,
    "net_options_flow": 2.1271,
    "news_sentiment_score": 1.6377,
    "global_index_impact_score": 1.5433,
    "prior_close_return": -0.0925,
    "intraday_volatility": -3.402
  },
  "model_predictions": {
    "lightgbm": 0.2718,
    "lstm": 0.0
  },
  "model_version": "v1.0",
  "confidence_threshold": 0.7
}