After Close Engine Prediction
Generated: 2025-08-20T15:55:57.317655
Symbol: AMD
Direction: SKIP
Expected Open: $168.35
Confidence: 17.3%

Full Prediction JSON:
{
  "timestamp": "2025-08-20T15:55:57.317655",
  "symbol": "AMD",
  "direction": "SKIP",
  "expected_open": 168.35,
  "confidence": 0.173,
  "prediction_value": 0.3466,
  "current_price": 168.0,
  "features": {
    "overnight_futures_pct": 0.9483,
    "net_options_flow": -2.3157,
    "news_sentiment_score": -0.6187,
    "global_index_impact_score": 1.7905,
    "prior_close_return": -0.0914,
    "intraday_volatility": -3.3876
  },
  "model_predictions": {
    "lightgbm": 0.3466,
    "lstm": 0.0
  },
  "model_version": "v1.0",
  "confidence_threshold": 0.7
}