After Close Engine Prediction
Generated: 2025-08-21T15:35:25.580670
Symbol: AMD
Direction: SKIP
Expected Open: $167.85
Confidence: 7.3%

Full Prediction JSON:
{
  "timestamp": "2025-08-21T15:35:25.580670",
  "symbol": "AMD",
  "direction": "SKIP",
  "expected_open": 167.85,
  "confidence": 0.073,
  "prediction_value": -0.1459,
  "current_price": 168.0,
  "features": {
    "overnight_futures_pct": -1.3655,
    "net_options_flow": -2.3138,
    "news_sentiment_score": -1.3284,
    "global_index_impact_score": -0.0006,
    "prior_close_return": -0.0862,
    "intraday_volatility": -3.388
  },
  "model_predictions": {
    "lightgbm": -0.1459,
    "lstm": 0.0
  },
  "model_version": "v1.0",
  "confidence_threshold": 0.7
}