After Close Engine Prediction
Generated: 2025-08-19T16:51:52.623571
Symbol: AMD
Direction: SKIP
Expected Open: $168.08
Confidence: 3.9%

Full Prediction JSON:
{
  "timestamp": "2025-08-19T16:51:52.623571",
  "symbol": "AMD",
  "direction": "SKIP",
  "expected_open": 168.08,
  "confidence": 0.039,
  "prediction_value": 0.0781,
  "current_price": 168.0,
  "features": {
    "overnight_futures_pct": 0.699,
    "net_options_flow": -0.1669,
    "news_sentiment_score": -1.6377,
    "global_index_impact_score": -0.6322,
    "prior_close_return": -0.0871,
    "intraday_volatility": -3.4842
  },
  "model_predictions": {
    "lightgbm": 0.0781,
    "lstm": 0.0
  },
  "model_version": "v1.0",
  "confidence_threshold": 0.7
}