After Close Engine Prediction
Generated: 2025-08-21T16:03:26.508200
Symbol: AMD
Direction: SKIP
Expected Open: $168.09
Confidence: 4.3%

Full Prediction JSON:
{
  "timestamp": "2025-08-21T16:03:26.508200",
  "symbol": "AMD",
  "direction": "SKIP",
  "expected_open": 168.09,
  "confidence": 0.043,
  "prediction_value": 0.0853,
  "current_price": 168.0,
  "features": {
    "overnight_futures_pct": 1.2916,
    "net_options_flow": -2.5495,
    "news_sentiment_score": -1.4739,
    "global_index_impact_score": -0.5132,
    "prior_close_return": -0.0936,
    "intraday_volatility": -3.388
  },
  "model_predictions": {
    "lightgbm": 0.0853,
    "lstm": 0.0
  },
  "model_version": "v1.0",
  "confidence_threshold": 0.7
}