After Close Engine Prediction
Generated: 2025-08-21T13:39:03.457003
Symbol: AMD
Direction: SKIP
Expected Open: $168.45
Confidence: 22.5%

Full Prediction JSON:
{
  "timestamp": "2025-08-21T13:39:03.457003",
  "symbol": "AMD",
  "direction": "SKIP",
  "expected_open": 168.45,
  "confidence": 0.225,
  "prediction_value": 0.4496,
  "current_price": 168.0,
  "features": {
    "overnight_futures_pct": 0.9871,
    "net_options_flow": -0.2499,
    "news_sentiment_score": 1.1464,
    "global_index_impact_score": 0.2649,
    "prior_close_return": -0.0888,
    "intraday_volatility": -3.3847
  },
  "model_predictions": {
    "lightgbm": 0.4496,
    "lstm": 0.0
  },
  "model_version": "v1.0",
  "confidence_threshold": 0.7
}