After Close Engine Prediction
Generated: 2025-08-20T16:19:38.185005
Symbol: AMD
Direction: SKIP
Expected Open: $168.25
Confidence: 12.7%

Full Prediction JSON:
{
  "timestamp": "2025-08-20T16:19:38.185005",
  "symbol": "AMD",
  "direction": "SKIP",
  "expected_open": 168.25,
  "confidence": 0.127,
  "prediction_value": 0.2535,
  "current_price": 168.0,
  "features": {
    "overnight_futures_pct": 1.1863,
    "net_options_flow": -1.8303,
    "news_sentiment_score": 0.091,
    "global_index_impact_score": 0.0421,
    "prior_close_return": -0.0826,
    "intraday_volatility": -3.387
  },
  "model_predictions": {
    "lightgbm": 0.2535,
    "lstm": 0.0
  },
  "model_version": "v1.0",
  "confidence_threshold": 0.7
}