After Close Engine Prediction
Generated: 2025-08-20T15:39:26.319535
Symbol: AMD
Direction: SKIP
Expected Open: $168.32
Confidence: 16.2%

Full Prediction JSON:
{
  "timestamp": "2025-08-20T15:39:26.319535",
  "symbol": "AMD",
  "direction": "SKIP",
  "expected_open": 168.32,
  "confidence": 0.162,
  "prediction_value": 0.3235,
  "current_price": 168.0,
  "features": {
    "overnight_futures_pct": 0.8694,
    "net_options_flow": -1.2617,
    "news_sentiment_score": -0.6551,
    "global_index_impact_score": 2.3824,
    "prior_close_return": -0.087,
    "intraday_volatility": -3.3874
  },
  "model_predictions": {
    "lightgbm": 0.3235,
    "lstm": 0.0
  },
  "model_version": "v1.0",
  "confidence_threshold": 0.7
}