After Close Engine Prediction
Generated: 2025-08-19T17:24:18.766586
Symbol: AMD
Direction: SKIP
Expected Open: $168.06
Confidence: 2.8%

Full Prediction JSON:
{
  "timestamp": "2025-08-19T17:24:18.766586",
  "symbol": "AMD",
  "direction": "SKIP",
  "expected_open": 168.06,
  "confidence": 0.028,
  "prediction_value": 0.0564,
  "current_price": 168.0,
  "features": {
    "overnight_futures_pct": 0.8769,
    "net_options_flow": 1.442,
    "news_sentiment_score": 0.5459,
    "global_index_impact_score": -0.0311,
    "prior_close_return": -0.0993,
    "intraday_volatility": -3.3993
  },
  "model_predictions": {
    "lightgbm": 0.0564,
    "lstm": 0.0
  },
  "model_version": "v1.0",
  "confidence_threshold": 0.7
}