After Close Engine Prediction
Generated: 2025-08-21T15:48:57.619411
Symbol: AMD
Direction: SKIP
Expected Open: $168.47
Confidence: 23.5%

Full Prediction JSON:
{
  "timestamp": "2025-08-21T15:48:57.619411",
  "symbol": "AMD",
  "direction": "SKIP",
  "expected_open": 168.47,
  "confidence": 0.235,
  "prediction_value": 0.4707,
  "current_price": 168.0,
  "features": {
    "overnight_futures_pct": 0.0676,
    "net_options_flow": -0.6312,
    "news_sentiment_score": 1.0008,
    "global_index_impact_score": 0.5303,
    "prior_close_return": -0.089,
    "intraday_volatility": -3.3881
  },
  "model_predictions": {
    "lightgbm": 0.4707,
    "lstm": 0.0
  },
  "model_version": "v1.0",
  "confidence_threshold": 0.7
}