After Close Engine Prediction
Generated: 2025-08-19T16:49:51.174319
Symbol: AMD
Direction: SKIP
Expected Open: $167.67
Confidence: 16.5%

Full Prediction JSON:
{
  "timestamp": "2025-08-19T16:49:51.174319",
  "symbol": "AMD",
  "direction": "SKIP",
  "expected_open": 167.67,
  "confidence": 0.165,
  "prediction_value": -0.3294,
  "current_price": 168.0,
  "features": {
    "overnight_futures_pct": -0.2267,
    "net_options_flow": 0.5733,
    "news_sentiment_score": 0.8916,
    "global_index_impact_score": -1.3218,
    "prior_close_return": -0.0871,
    "intraday_volatility": -3.4842
  },
  "model_predictions": {
    "lightgbm": -0.3294,
    "lstm": 0.0
  },
  "model_version": "v1.0",
  "confidence_threshold": 0.7
}