After Close Engine Prediction
Generated: 2025-08-21T13:42:51.589680
Symbol: AMD
Direction: SKIP
Expected Open: $168.26
Confidence: 13.2%

Full Prediction JSON:
{
  "timestamp": "2025-08-21T13:42:51.589680",
  "symbol": "AMD",
  "direction": "SKIP",
  "expected_open": 168.26,
  "confidence": 0.132,
  "prediction_value": 0.2635,
  "current_price": 168.0,
  "features": {
    "overnight_futures_pct": 2.3213,
    "net_options_flow": -1.026,
    "news_sentiment_score": 1.7105,
    "global_index_impact_score": -0.8123,
    "prior_close_return": -0.09,
    "intraday_volatility": -3.3847
  },
  "model_predictions": {
    "lightgbm": 0.2635,
    "lstm": 0.0
  },
  "model_version": "v1.0",
  "confidence_threshold": 0.7
}