After Close Engine Prediction
Generated: 2025-08-19T16:57:48.757510
Symbol: AMD
Direction: SKIP
Expected Open: $168.11
Confidence: 5.4%

Full Prediction JSON:
{
  "timestamp": "2025-08-19T16:57:48.757510",
  "symbol": "AMD",
  "direction": "SKIP",
  "expected_open": 168.11,
  "confidence": 0.054,
  "prediction_value": 0.1085,
  "current_price": 168.0,
  "features": {
    "overnight_futures_pct": 1.7789,
    "net_options_flow": 2.1789,
    "news_sentiment_score": 1.2192,
    "global_index_impact_score": 0.2435,
    "prior_close_return": -0.0871,
    "intraday_volatility": -3.4842
  },
  "model_predictions": {
    "lightgbm": 0.1085,
    "lstm": 0.0
  },
  "model_version": "v1.0",
  "confidence_threshold": 0.7
}