After Close Engine Prediction
Generated: 2025-08-20T16:52:55.145251
Symbol: AMD
Direction: SKIP
Expected Open: $168.06
Confidence: 3.0%

Full Prediction JSON:
{
  "timestamp": "2025-08-20T16:52:55.145251",
  "symbol": "AMD",
  "direction": "SKIP",
  "expected_open": 168.06,
  "confidence": 0.03,
  "prediction_value": 0.0606,
  "current_price": 168.0,
  "features": {
    "overnight_futures_pct": -0.4009,
    "net_options_flow": -2.9744,
    "news_sentiment_score": 1.7105,
    "global_index_impact_score": -1.4957,
    "prior_close_return": -0.0943,
    "intraday_volatility": -3.3884
  },
  "model_predictions": {
    "lightgbm": 0.0606,
    "lstm": 0.0
  },
  "model_version": "v1.0",
  "confidence_threshold": 0.7
}