After Close Engine Prediction
Generated: 2025-08-21T17:03:17.863788
Symbol: AMD
Direction: SKIP
Expected Open: $168.19
Confidence: 9.5%

Full Prediction JSON:
{
  "timestamp": "2025-08-21T17:03:17.863788",
  "symbol": "AMD",
  "direction": "SKIP",
  "expected_open": 168.19,
  "confidence": 0.095,
  "prediction_value": 0.1905,
  "current_price": 168.0,
  "features": {
    "overnight_futures_pct": 2.3138,
    "net_options_flow": -3.0969,
    "news_sentiment_score": -0.273,
    "global_index_impact_score": 0.1397,
    "prior_close_return": -0.0859,
    "intraday_volatility": -3.3892
  },
  "model_predictions": {
    "lightgbm": 0.1905,
    "lstm": 0.0
  },
  "model_version": "v1.0",
  "confidence_threshold": 0.7
}