After Close Engine Prediction
Generated: 2025-08-19T17:30:17.081838
Symbol: AMD
Direction: SKIP
Expected Open: $167.51
Confidence: 24.6%

Full Prediction JSON:
{
  "timestamp": "2025-08-19T17:30:17.081838",
  "symbol": "AMD",
  "direction": "SKIP",
  "expected_open": 167.51,
  "confidence": 0.246,
  "prediction_value": -0.4925,
  "current_price": 168.0,
  "features": {
    "overnight_futures_pct": -0.1278,
    "net_options_flow": 1.3491,
    "news_sentiment_score": -1.1828,
    "global_index_impact_score": -1.9168,
    "prior_close_return": -0.0869,
    "intraday_volatility": -3.4008
  },
  "model_predictions": {
    "lightgbm": -0.4925,
    "lstm": 0.0
  },
  "model_version": "v1.0",
  "confidence_threshold": 0.7
}