After Close Engine Prediction
Generated: 2025-08-20T16:00:33.783300
Symbol: AMD
Direction: SKIP
Expected Open: $168.27
Confidence: 13.7%

Full Prediction JSON:
{
  "timestamp": "2025-08-20T16:00:33.783300",
  "symbol": "AMD",
  "direction": "SKIP",
  "expected_open": 168.27,
  "confidence": 0.137,
  "prediction_value": 0.2739,
  "current_price": 168.0,
  "features": {
    "overnight_futures_pct": 1.3793,
    "net_options_flow": 2.8518,
    "news_sentiment_score": 0.2184,
    "global_index_impact_score": 0.5059,
    "prior_close_return": -0.0912,
    "intraday_volatility": -3.3876
  },
  "model_predictions": {
    "lightgbm": 0.2739,
    "lstm": 0.0
  },
  "model_version": "v1.0",
  "confidence_threshold": 0.7
}