After Close Engine Prediction
Generated: 2025-08-19T20:11:18.874877
Symbol: AMD
Direction: SKIP
Expected Open: $168.36
Confidence: 17.9%

Full Prediction JSON:
{
  "timestamp": "2025-08-19T20:11:18.874877",
  "symbol": "AMD",
  "direction": "SKIP",
  "expected_open": 168.36,
  "confidence": 0.179,
  "prediction_value": 0.3572,
  "current_price": 168.0,
  "features": {
    "overnight_futures_pct": 1.2941,
    "net_options_flow": -2.508,
    "news_sentiment_score": -0.1456,
    "global_index_impact_score": 0.8537,
    "prior_close_return": -0.0876,
    "intraday_volatility": -3.4031
  },
  "model_predictions": {
    "lightgbm": 0.3572,
    "lstm": 0.0
  },
  "model_version": "v1.0",
  "confidence_threshold": 0.7
}