After Close Engine Prediction
Generated: 2025-08-21T16:35:47.997683
Symbol: AMD
Direction: SKIP
Expected Open: $168.11
Confidence: 5.5%

Full Prediction JSON:
{
  "timestamp": "2025-08-21T16:35:47.997683",
  "symbol": "AMD",
  "direction": "SKIP",
  "expected_open": 168.11,
  "confidence": 0.055,
  "prediction_value": 0.1095,
  "current_price": 168.0,
  "features": {
    "overnight_futures_pct": 0.8957,
    "net_options_flow": -0.8451,
    "news_sentiment_score": -0.2184,
    "global_index_impact_score": -2.283,
    "prior_close_return": -0.0863,
    "intraday_volatility": -3.3892
  },
  "model_predictions": {
    "lightgbm": 0.1095,
    "lstm": 0.0
  },
  "model_version": "v1.0",
  "confidence_threshold": 0.7
}