After Close Engine Prediction
Generated: 2025-08-21T15:28:47.218304
Symbol: AMD
Direction: SKIP
Expected Open: $168.19
Confidence: 9.6%

Full Prediction JSON:
{
  "timestamp": "2025-08-21T15:28:47.218304",
  "symbol": "AMD",
  "direction": "SKIP",
  "expected_open": 168.19,
  "confidence": 0.096,
  "prediction_value": 0.1911,
  "current_price": 168.0,
  "features": {
    "overnight_futures_pct": -0.4798,
    "net_options_flow": -2.5747,
    "news_sentiment_score": -0.0364,
    "global_index_impact_score": 1.2596,
    "prior_close_return": -0.094,
    "intraday_volatility": -3.3863
  },
  "model_predictions": {
    "lightgbm": 0.1911,
    "lstm": 0.0
  },
  "model_version": "v1.0",
  "confidence_threshold": 0.7
}