After Close Engine Prediction
Generated: 2025-08-19T18:06:35.129244
Symbol: AMD
Direction: SKIP
Expected Open: $168.19
Confidence: 9.5%

Full Prediction JSON:
{
  "timestamp": "2025-08-19T18:06:35.129244",
  "symbol": "AMD",
  "direction": "SKIP",
  "expected_open": 168.19,
  "confidence": 0.095,
  "prediction_value": 0.1891,
  "current_price": 168.0,
  "features": {
    "overnight_futures_pct": 0.3833,
    "net_options_flow": -1.2875,
    "news_sentiment_score": 0.0546,
    "global_index_impact_score": -1.3706,
    "prior_close_return": -0.0867,
    "intraday_volatility": -3.4008
  },
  "model_predictions": {
    "lightgbm": 0.1891,
    "lstm": 0.0
  },
  "model_version": "v1.0",
  "confidence_threshold": 0.7
}