After Close Engine Prediction
Generated: 2025-08-21T16:53:18.466958
Symbol: AMD
Direction: SKIP
Expected Open: $168.33
Confidence: 16.3%

Full Prediction JSON:
{
  "timestamp": "2025-08-21T16:53:18.466958",
  "symbol": "AMD",
  "direction": "SKIP",
  "expected_open": 168.33,
  "confidence": 0.163,
  "prediction_value": 0.3263,
  "current_price": 168.0,
  "features": {
    "overnight_futures_pct": -0.793,
    "net_options_flow": -2.0894,
    "news_sentiment_score": 0.6915,
    "global_index_impact_score": 1.6379,
    "prior_close_return": -0.0831,
    "intraday_volatility": -3.389
  },
  "model_predictions": {
    "lightgbm": 0.3263,
    "lstm": 0.0
  },
  "model_version": "v1.0",
  "confidence_threshold": 0.7
}