After Close Engine Prediction
Generated: 2025-08-19T18:46:10.285592
Symbol: AMD
Direction: SKIP
Expected Open: $167.91
Confidence: 4.7%

Full Prediction JSON:
{
  "timestamp": "2025-08-19T18:46:10.285592",
  "symbol": "AMD",
  "direction": "SKIP",
  "expected_open": 167.91,
  "confidence": 0.047,
  "prediction_value": -0.0942,
  "current_price": 168.0,
  "features": {
    "overnight_futures_pct": 0.7491,
    "net_options_flow": 1.8978,
    "news_sentiment_score": 0.8371,
    "global_index_impact_score": -1.1906,
    "prior_close_return": -0.0894,
    "intraday_volatility": -3.402
  },
  "model_predictions": {
    "lightgbm": -0.0942,
    "lstm": 0.0
  },
  "model_version": "v1.0",
  "confidence_threshold": 0.7
}