After Close Engine Prediction
Generated: 2025-08-19T19:17:17.351318
Symbol: AMD
Direction: SKIP
Expected Open: $167.99
Confidence: 0.7%

Full Prediction JSON:
{
  "timestamp": "2025-08-19T19:17:17.351318",
  "symbol": "AMD",
  "direction": "SKIP",
  "expected_open": 167.99,
  "confidence": 0.007,
  "prediction_value": -0.0131,
  "current_price": 168.0,
  "features": {
    "overnight_futures_pct": -1.1237,
    "net_options_flow": 0.5114,
    "news_sentiment_score": 0.7279,
    "global_index_impact_score": 0.6219,
    "prior_close_return": -0.0957,
    "intraday_volatility": -3.4018
  },
  "model_predictions": {
    "lightgbm": -0.0131,
    "lstm": 0.0
  },
  "model_version": "v1.0",
  "confidence_threshold": 0.7
}