After Close Engine Prediction
Generated: 2025-08-21T13:56:29.210110
Symbol: AMD
Direction: SKIP
Expected Open: $168.01
Confidence: 0.3%

Full Prediction JSON:
{
  "timestamp": "2025-08-21T13:56:29.210110",
  "symbol": "AMD",
  "direction": "SKIP",
  "expected_open": 168.01,
  "confidence": 0.003,
  "prediction_value": 0.006,
  "current_price": 168.0,
  "features": {
    "overnight_futures_pct": -0.4172,
    "net_options_flow": -1.7268,
    "news_sentiment_score": -1.5285,
    "global_index_impact_score": -0.0342,
    "prior_close_return": -0.099,
    "intraday_volatility": -3.3842
  },
  "model_predictions": {
    "lightgbm": 0.006,
    "lstm": 0.0
  },
  "model_version": "v1.0",
  "confidence_threshold": 0.7
}