After Close Engine Prediction
Generated: 2025-08-20T15:44:26.478678
Symbol: AMD
Direction: SKIP
Expected Open: $168.16
Confidence: 8.1%

Full Prediction JSON:
{
  "timestamp": "2025-08-20T15:44:26.478678",
  "symbol": "AMD",
  "direction": "SKIP",
  "expected_open": 168.16,
  "confidence": 0.081,
  "prediction_value": 0.162,
  "current_price": 168.0,
  "features": {
    "overnight_futures_pct": 0.3645,
    "net_options_flow": 0.1621,
    "news_sentiment_score": -0.6369,
    "global_index_impact_score": 2.5167,
    "prior_close_return": -0.0877,
    "intraday_volatility": -3.3875
  },
  "model_predictions": {
    "lightgbm": 0.162,
    "lstm": 0.0
  },
  "model_version": "v1.0",
  "confidence_threshold": 0.7
}