After Close Engine Prediction
Generated: 2025-08-20T16:53:09.652058
Symbol: AMD
Direction: SKIP
Expected Open: $167.79
Confidence: 10.4%

Full Prediction JSON:
{
  "timestamp": "2025-08-20T16:53:09.652058",
  "symbol": "AMD",
  "direction": "SKIP",
  "expected_open": 167.79,
  "confidence": 0.104,
  "prediction_value": -0.208,
  "current_price": 168.0,
  "features": {
    "overnight_futures_pct": 0.2155,
    "net_options_flow": 0.5313,
    "news_sentiment_score": -0.091,
    "global_index_impact_score": -0.5315,
    "prior_close_return": -0.0934,
    "intraday_volatility": -3.3884
  },
  "model_predictions": {
    "lightgbm": -0.208,
    "lstm": 0.0
  },
  "model_version": "v1.0",
  "confidence_threshold": 0.7
}