After Close Engine Prediction
Generated: 2025-08-21T17:08:05.384021
Symbol: AMD
Direction: SKIP
Expected Open: $167.32
Confidence: 34.1%

Full Prediction JSON:
{
  "timestamp": "2025-08-21T17:08:05.384021",
  "symbol": "AMD",
  "direction": "SKIP",
  "expected_open": 167.32,
  "confidence": 0.341,
  "prediction_value": -0.6827,
  "current_price": 168.0,
  "features": {
    "overnight_futures_pct": -1.4444,
    "net_options_flow": 0.8097,
    "news_sentiment_score": -0.8734,
    "global_index_impact_score": -0.8123,
    "prior_close_return": -0.0855,
    "intraday_volatility": -3.3892
  },
  "model_predictions": {
    "lightgbm": -0.6827,
    "lstm": 0.0
  },
  "model_version": "v1.0",
  "confidence_threshold": 0.7
}