After Close Engine Prediction
Generated: 2025-08-21T13:10:25.318002
Symbol: AMD
Direction: SKIP
Expected Open: $168.18
Confidence: 9.2%

Full Prediction JSON:
{
  "timestamp": "2025-08-21T13:10:25.318002",
  "symbol": "AMD",
  "direction": "SKIP",
  "expected_open": 168.18,
  "confidence": 0.092,
  "prediction_value": 0.1849,
  "current_price": 168.0,
  "features": {
    "overnight_futures_pct": 0.4961,
    "net_options_flow": -0.1199,
    "news_sentiment_score": 1.6377,
    "global_index_impact_score": -1.0167,
    "prior_close_return": -0.0814,
    "intraday_volatility": -3.3908
  },
  "model_predictions": {
    "lightgbm": 0.1849,
    "lstm": 0.0
  },
  "model_version": "v1.0",
  "confidence_threshold": 0.7
}