After Close Engine Prediction
Generated: 2025-08-21T13:50:22.656378
Symbol: AMD
Direction: SKIP
Expected Open: $167.87
Confidence: 6.6%

Full Prediction JSON:
{
  "timestamp": "2025-08-21T13:50:22.656378",
  "symbol": "AMD",
  "direction": "SKIP",
  "expected_open": 167.87,
  "confidence": 0.066,
  "prediction_value": -0.1324,
  "current_price": 168.0,
  "features": {
    "overnight_futures_pct": 0.9947,
    "net_options_flow": 2.9335,
    "news_sentiment_score": -0.3093,
    "global_index_impact_score": -0.2508,
    "prior_close_return": -0.0885,
    "intraday_volatility": -3.3847
  },
  "model_predictions": {
    "lightgbm": -0.1324,
    "lstm": 0.0
  },
  "model_version": "v1.0",
  "confidence_threshold": 0.7
}