After Close Engine Prediction
Generated: 2025-08-19T16:58:31.409442
Symbol: AMD
Direction: SKIP
Expected Open: $168.33
Confidence: 16.5%

Full Prediction JSON:
{
  "timestamp": "2025-08-19T16:58:31.409442",
  "symbol": "AMD",
  "direction": "SKIP",
  "expected_open": 168.33,
  "confidence": 0.165,
  "prediction_value": 0.3309,
  "current_price": 168.0,
  "features": {
    "overnight_futures_pct": 0.6038,
    "net_options_flow": -1.006,
    "news_sentiment_score": -0.4731,
    "global_index_impact_score": 2.2451,
    "prior_close_return": -0.0871,
    "intraday_volatility": -3.4842
  },
  "model_predictions": {
    "lightgbm": 0.3309,
    "lstm": 0.0
  },
  "model_version": "v1.0",
  "confidence_threshold": 0.7
}