After Close Engine Prediction
Generated: 2025-08-20T19:41:13.998901
Symbol: AMD
Direction: SKIP
Expected Open: $168.25
Confidence: 12.6%

Full Prediction JSON:
{
  "timestamp": "2025-08-20T19:41:13.998901",
  "symbol": "AMD",
  "direction": "SKIP",
  "expected_open": 168.25,
  "confidence": 0.126,
  "prediction_value": 0.2526,
  "current_price": 168.0,
  "features": {
    "overnight_futures_pct": 0.4372,
    "net_options_flow": -1.8606,
    "news_sentiment_score": 1.5285,
    "global_index_impact_score": -2.0358,
    "prior_close_return": -0.0841,
    "intraday_volatility": -3.3911
  },
  "model_predictions": {
    "lightgbm": 0.2526,
    "lstm": 0.0
  },
  "model_version": "v1.0",
  "confidence_threshold": 0.7
}