After Close Engine Prediction
Generated: 2025-08-20T16:03:14.737965
Symbol: AMD
Direction: SKIP
Expected Open: $167.76
Confidence: 12.2%

Full Prediction JSON:
{
  "timestamp": "2025-08-20T16:03:14.737965",
  "symbol": "AMD",
  "direction": "SKIP",
  "expected_open": 167.76,
  "confidence": 0.122,
  "prediction_value": -0.2433,
  "current_price": 168.0,
  "features": {
    "overnight_futures_pct": -0.4234,
    "net_options_flow": 0.7677,
    "news_sentiment_score": 0.273,
    "global_index_impact_score": -0.2203,
    "prior_close_return": -0.0862,
    "intraday_volatility": -3.3874
  },
  "model_predictions": {
    "lightgbm": -0.2433,
    "lstm": 0.0
  },
  "model_version": "v1.0",
  "confidence_threshold": 0.7
}