After Close Engine Prediction
Generated: 2025-08-20T18:18:32.900958
Symbol: AMD
Direction: SKIP
Expected Open: $168.45
Confidence: 22.3%

Full Prediction JSON:
{
  "timestamp": "2025-08-20T18:18:32.900958",
  "symbol": "AMD",
  "direction": "SKIP",
  "expected_open": 168.45,
  "confidence": 0.223,
  "prediction_value": 0.4451,
  "current_price": 168.0,
  "features": {
    "overnight_futures_pct": 0.0564,
    "net_options_flow": -0.7677,
    "news_sentiment_score": 1.4739,
    "global_index_impact_score": 0.2801,
    "prior_close_return": -0.09,
    "intraday_volatility": -3.39
  },
  "model_predictions": {
    "lightgbm": 0.4451,
    "lstm": 0.0
  },
  "model_version": "v1.0",
  "confidence_threshold": 0.7
}