After Close Engine Prediction
Generated: 2025-08-20T18:05:17.707241
Symbol: AMD
Direction: SKIP
Expected Open: $167.91
Confidence: 4.7%

Full Prediction JSON:
{
  "timestamp": "2025-08-20T18:05:17.707241",
  "symbol": "AMD",
  "direction": "SKIP",
  "expected_open": 167.91,
  "confidence": 0.047,
  "prediction_value": -0.0932,
  "current_price": 168.0,
  "features": {
    "overnight_futures_pct": 2.2173,
    "net_options_flow": 0.5945,
    "news_sentiment_score": 1.1828,
    "global_index_impact_score": -1.4347,
    "prior_close_return": -0.0903,
    "intraday_volatility": -3.39
  },
  "model_predictions": {
    "lightgbm": -0.0932,
    "lstm": 0.0
  },
  "model_version": "v1.0",
  "confidence_threshold": 0.7
}