After Close Engine Prediction
Generated: 2025-08-19T17:49:05.385676
Symbol: AMD
Direction: SKIP
Expected Open: $168.16
Confidence: 7.8%

Full Prediction JSON:
{
  "timestamp": "2025-08-19T17:49:05.385676",
  "symbol": "AMD",
  "direction": "SKIP",
  "expected_open": 168.16,
  "confidence": 0.078,
  "prediction_value": 0.1554,
  "current_price": 168.0,
  "features": {
    "overnight_futures_pct": 1.0272,
    "net_options_flow": -0.0085,
    "news_sentiment_score": 0.3639,
    "global_index_impact_score": -0.5315,
    "prior_close_return": -0.0866,
    "intraday_volatility": -3.4008
  },
  "model_predictions": {
    "lightgbm": 0.1554,
    "lstm": 0.0
  },
  "model_version": "v1.0",
  "confidence_threshold": 0.7
}