After Close Engine Prediction
Generated: 2025-08-21T18:03:12.720609
Symbol: AMD
Direction: SKIP
Expected Open: $167.65
Confidence: 17.3%

Full Prediction JSON:
{
  "timestamp": "2025-08-21T18:03:12.720609",
  "symbol": "AMD",
  "direction": "SKIP",
  "expected_open": 167.65,
  "confidence": 0.173,
  "prediction_value": -0.3464,
  "current_price": 168.0,
  "features": {
    "overnight_futures_pct": -2.0632,
    "net_options_flow": 2.2792,
    "news_sentiment_score": -0.8553,
    "global_index_impact_score": 2.3092,
    "prior_close_return": -0.0831,
    "intraday_volatility": -3.3904
  },
  "model_predictions": {
    "lightgbm": -0.3464,
    "lstm": 0.0
  },
  "model_version": "v1.0",
  "confidence_threshold": 0.7
}