After Close Engine Prediction
Generated: 2025-08-20T18:23:49.693665
Symbol: AMD
Direction: SKIP
Expected Open: $168.33
Confidence: 16.4%

Full Prediction JSON:
{
  "timestamp": "2025-08-20T18:23:49.693665",
  "symbol": "AMD",
  "direction": "SKIP",
  "expected_open": 168.33,
  "confidence": 0.164,
  "prediction_value": 0.3289,
  "current_price": 168.0,
  "features": {
    "overnight_futures_pct": -0.4898,
    "net_options_flow": -2.6699,
    "news_sentiment_score": 0.8371,
    "global_index_impact_score": 0.9117,
    "prior_close_return": -0.0876,
    "intraday_volatility": -3.3899
  },
  "model_predictions": {
    "lightgbm": 0.3289,
    "lstm": 0.0
  },
  "model_version": "v1.0",
  "confidence_threshold": 0.7
}