After Close Engine Prediction
Generated: 2025-08-20T16:31:27.604185
Symbol: AMD
Direction: SKIP
Expected Open: $167.99
Confidence: 0.6%

Full Prediction JSON:
{
  "timestamp": "2025-08-20T16:31:27.604185",
  "symbol": "AMD",
  "direction": "SKIP",
  "expected_open": 167.99,
  "confidence": 0.006,
  "prediction_value": -0.0116,
  "current_price": 168.0,
  "features": {
    "overnight_futures_pct": -1.1074,
    "net_options_flow": 1.4254,
    "news_sentiment_score": 1.3284,
    "global_index_impact_score": 0.747,
    "prior_close_return": -0.0903,
    "intraday_volatility": -3.3885
  },
  "model_predictions": {
    "lightgbm": -0.0116,
    "lstm": 0.0
  },
  "model_version": "v1.0",
  "confidence_threshold": 0.7
}