After Close Engine Prediction
Generated: 2025-08-21T17:36:59.500828
Symbol: AMD
Direction: SKIP
Expected Open: $167.75
Confidence: 12.3%

Full Prediction JSON:
{
  "timestamp": "2025-08-21T17:36:59.500828",
  "symbol": "AMD",
  "direction": "SKIP",
  "expected_open": 167.75,
  "confidence": 0.123,
  "prediction_value": -0.2462,
  "current_price": 168.0,
  "features": {
    "overnight_futures_pct": 1.5684,
    "net_options_flow": 0.6393,
    "news_sentiment_score": -1.0736,
    "global_index_impact_score": -0.4034,
    "prior_close_return": -0.0841,
    "intraday_volatility": -3.3905
  },
  "model_predictions": {
    "lightgbm": -0.2462,
    "lstm": 0.0
  },
  "model_version": "v1.0",
  "confidence_threshold": 0.7
}