After Close Engine Prediction
Generated: 2025-08-20T14:55:26.339767
Symbol: AMD
Direction: SKIP
Expected Open: $168.32
Confidence: 16.0%

Full Prediction JSON:
{
  "timestamp": "2025-08-20T14:55:26.339767",
  "symbol": "AMD",
  "direction": "SKIP",
  "expected_open": 168.32,
  "confidence": 0.16,
  "prediction_value": 0.3204,
  "current_price": 168.0,
  "features": {
    "overnight_futures_pct": 0.0489,
    "net_options_flow": -3.1878,
    "news_sentiment_score": -1.11,
    "global_index_impact_score": 2.0285,
    "prior_close_return": -0.0937,
    "intraday_volatility": -3.3921
  },
  "model_predictions": {
    "lightgbm": 0.3204,
    "lstm": 0.0
  },
  "model_version": "v1.0",
  "confidence_threshold": 0.7
}