After Close Engine Prediction
Generated: 2025-08-20T17:17:02.595082
Symbol: AMD
Direction: SKIP
Expected Open: $167.83
Confidence: 8.4%

Full Prediction JSON:
{
  "timestamp": "2025-08-20T17:17:02.595082",
  "symbol": "AMD",
  "direction": "SKIP",
  "expected_open": 167.83,
  "confidence": 0.084,
  "prediction_value": -0.1677,
  "current_price": 168.0,
  "features": {
    "overnight_futures_pct": -0.9107,
    "net_options_flow": -2.2547,
    "news_sentiment_score": -0.5459,
    "global_index_impact_score": -1.6666,
    "prior_close_return": -0.0912,
    "intraday_volatility": -3.3885
  },
  "model_predictions": {
    "lightgbm": -0.1677,
    "lstm": 0.0
  },
  "model_version": "v1.0",
  "confidence_threshold": 0.7
}