After Close Engine Prediction
Generated: 2025-08-19T18:21:35.601359
Symbol: AMD
Direction: SKIP
Expected Open: $168.02
Confidence: 0.8%

Full Prediction JSON:
{
  "timestamp": "2025-08-19T18:21:35.601359",
  "symbol": "AMD",
  "direction": "SKIP",
  "expected_open": 168.02,
  "confidence": 0.008,
  "prediction_value": 0.0164,
  "current_price": 168.0,
  "features": {
    "overnight_futures_pct": 1.135,
    "net_options_flow": -0.0283,
    "news_sentiment_score": -0.9098,
    "global_index_impact_score": -3.1801,
    "prior_close_return": -0.0858,
    "intraday_volatility": -3.4007
  },
  "model_predictions": {
    "lightgbm": 0.0164,
    "lstm": 0.0
  },
  "model_version": "v1.0",
  "confidence_threshold": 0.7
}