After Close Engine Prediction
Generated: 2025-08-21T17:31:59.372138
Symbol: AMD
Direction: SKIP
Expected Open: $167.68
Confidence: 16.2%

Full Prediction JSON:
{
  "timestamp": "2025-08-21T17:31:59.372138",
  "symbol": "AMD",
  "direction": "SKIP",
  "expected_open": 167.68,
  "confidence": 0.162,
  "prediction_value": -0.3234,
  "current_price": 168.0,
  "features": {
    "overnight_futures_pct": -0.7654,
    "net_options_flow": 2.9455,
    "news_sentiment_score": -1.5649,
    "global_index_impact_score": -0.0342,
    "prior_close_return": -0.0849,
    "intraday_volatility": -3.3906
  },
  "model_predictions": {
    "lightgbm": -0.3234,
    "lstm": 0.0
  },
  "model_version": "v1.0",
  "confidence_threshold": 0.7
}