After Close Engine Prediction
Generated: 2025-08-21T12:55:24.046863
Symbol: AMD
Direction: SKIP
Expected Open: $168.1
Confidence: 5.0%

Full Prediction JSON:
{
  "timestamp": "2025-08-21T12:55:24.046863",
  "symbol": "AMD",
  "direction": "SKIP",
  "expected_open": 168.1,
  "confidence": 0.05,
  "prediction_value": 0.1009,
  "current_price": 168.0,
  "features": {
    "overnight_futures_pct": 1.4218,
    "net_options_flow": -0.3881,
    "news_sentiment_score": -0.5641,
    "global_index_impact_score": -1.0258,
    "prior_close_return": -0.0814,
    "intraday_volatility": -3.3908
  },
  "model_predictions": {
    "lightgbm": 0.1009,
    "lstm": 0.0
  },
  "model_version": "v1.0",
  "confidence_threshold": 0.7
}