After Close Engine Prediction
Generated: 2025-08-21T14:33:32.157218
Symbol: AMD
Direction: SKIP
Expected Open: $167.95
Confidence: 2.6%

Full Prediction JSON:
{
  "timestamp": "2025-08-21T14:33:32.157218",
  "symbol": "AMD",
  "direction": "SKIP",
  "expected_open": 167.95,
  "confidence": 0.026,
  "prediction_value": -0.0512,
  "current_price": 168.0,
  "features": {
    "overnight_futures_pct": -0.1253,
    "net_options_flow": -1.5776,
    "news_sentiment_score": -0.1456,
    "global_index_impact_score": -1.334,
    "prior_close_return": -0.0909,
    "intraday_volatility": -3.3864
  },
  "model_predictions": {
    "lightgbm": -0.0512,
    "lstm": 0.0
  },
  "model_version": "v1.0",
  "confidence_threshold": 0.7
}