After Close Engine Prediction
Generated: 2025-08-19T19:48:07.290928
Symbol: AMD
Direction: SKIP
Expected Open: $167.67
Confidence: 16.7%

Full Prediction JSON:
{
  "timestamp": "2025-08-19T19:48:07.290928",
  "symbol": "AMD",
  "direction": "SKIP",
  "expected_open": 167.67,
  "confidence": 0.167,
  "prediction_value": -0.335,
  "current_price": 168.0,
  "features": {
    "overnight_futures_pct": -0.7554,
    "net_options_flow": 2.3037,
    "news_sentiment_score": 0.9644,
    "global_index_impact_score": -1.7154,
    "prior_close_return": -0.0843,
    "intraday_volatility": -3.4029
  },
  "model_predictions": {
    "lightgbm": -0.335,
    "lstm": 0.0
  },
  "model_version": "v1.0",
  "confidence_threshold": 0.7
}