After Close Engine Prediction
Generated: 2025-08-21T13:33:31.937925
Symbol: AMD
Direction: SKIP
Expected Open: $168.0
Confidence: 0.1%

Full Prediction JSON:
{
  "timestamp": "2025-08-21T13:33:31.937925",
  "symbol": "AMD",
  "direction": "SKIP",
  "expected_open": 168.0,
  "confidence": 0.001,
  "prediction_value": -0.0024,
  "current_price": 168.0,
  "features": {
    "overnight_futures_pct": -0.9846,
    "net_options_flow": 2.9074,
    "news_sentiment_score": 1.3284,
    "global_index_impact_score": 1.3999,
    "prior_close_return": -0.0929,
    "intraday_volatility": -3.3847
  },
  "model_predictions": {
    "lightgbm": -0.0024,
    "lstm": 0.0
  },
  "model_version": "v1.0",
  "confidence_threshold": 0.7
}