After Close Engine Prediction
Generated: 2025-08-21T14:56:49.397864
Symbol: AMD
Direction: SKIP
Expected Open: $167.91
Confidence: 4.6%

Full Prediction JSON:
{
  "timestamp": "2025-08-21T14:56:49.397864",
  "symbol": "AMD",
  "direction": "SKIP",
  "expected_open": 167.91,
  "confidence": 0.046,
  "prediction_value": -0.0927,
  "current_price": 168.0,
  "features": {
    "overnight_futures_pct": 1.7601,
    "net_options_flow": 2.6924,
    "news_sentiment_score": 1.5467,
    "global_index_impact_score": -0.3637,
    "prior_close_return": -0.0888,
    "intraday_volatility": -3.3864
  },
  "model_predictions": {
    "lightgbm": -0.0927,
    "lstm": 0.0
  },
  "model_version": "v1.0",
  "confidence_threshold": 0.7
}