After Close Engine Prediction
Generated: 2025-08-21T15:01:36.501693
Symbol: AMD
Direction: SKIP
Expected Open: $168.09
Confidence: 4.4%

Full Prediction JSON:
{
  "timestamp": "2025-08-21T15:01:36.501693",
  "symbol": "AMD",
  "direction": "SKIP",
  "expected_open": 168.09,
  "confidence": 0.044,
  "prediction_value": 0.0876,
  "current_price": 168.0,
  "features": {
    "overnight_futures_pct": 0.7366,
    "net_options_flow": -2.3121,
    "news_sentiment_score": -0.6915,
    "global_index_impact_score": -1.1784,
    "prior_close_return": -0.0875,
    "intraday_volatility": -3.3864
  },
  "model_predictions": {
    "lightgbm": 0.0876,
    "lstm": 0.0
  },
  "model_version": "v1.0",
  "confidence_threshold": 0.7
}