After Close Engine Prediction
Generated: 2025-08-20T17:16:28.353849
Symbol: AMD
Direction: SKIP
Expected Open: $168.07
Confidence: 3.7%

Full Prediction JSON:
{
  "timestamp": "2025-08-20T17:16:28.353849",
  "symbol": "AMD",
  "direction": "SKIP",
  "expected_open": 168.07,
  "confidence": 0.037,
  "prediction_value": 0.0737,
  "current_price": 168.0,
  "features": {
    "overnight_futures_pct": -0.0551,
    "net_options_flow": 1.3184,
    "news_sentiment_score": 1.383,
    "global_index_impact_score": 1.1802,
    "prior_close_return": -0.0908,
    "intraday_volatility": -3.3885
  },
  "model_predictions": {
    "lightgbm": 0.0737,
    "lstm": 0.0
  },
  "model_version": "v1.0",
  "confidence_threshold": 0.7
}