After Close Engine Prediction
Generated: 2025-08-21T14:20:02.287250
Symbol: AMD
Direction: SKIP
Expected Open: $168.26
Confidence: 13.2%

Full Prediction JSON:
{
  "timestamp": "2025-08-21T14:20:02.287250",
  "symbol": "AMD",
  "direction": "SKIP",
  "expected_open": 168.26,
  "confidence": 0.132,
  "prediction_value": 0.2635,
  "current_price": 168.0,
  "features": {
    "overnight_futures_pct": 1.254,
    "net_options_flow": -1.4426,
    "news_sentiment_score": 0.9826,
    "global_index_impact_score": -0.9496,
    "prior_close_return": -0.0941,
    "intraday_volatility": -3.3846
  },
  "model_predictions": {
    "lightgbm": 0.2635,
    "lstm": 0.0
  },
  "model_version": "v1.0",
  "confidence_threshold": 0.7
}