After Close Engine Prediction
Generated: 2025-08-20T17:38:23.350963
Symbol: AMD
Direction: SKIP
Expected Open: $168.28
Confidence: 13.8%

Full Prediction JSON:
{
  "timestamp": "2025-08-20T17:38:23.350963",
  "symbol": "AMD",
  "direction": "SKIP",
  "expected_open": 168.28,
  "confidence": 0.138,
  "prediction_value": 0.2757,
  "current_price": 168.0,
  "features": {
    "overnight_futures_pct": -0.9446,
    "net_options_flow": -2.7327,
    "news_sentiment_score": 0.5277,
    "global_index_impact_score": 1.3359,
    "prior_close_return": -0.0818,
    "intraday_volatility": -3.3894
  },
  "model_predictions": {
    "lightgbm": 0.2757,
    "lstm": 0.0
  },
  "model_version": "v1.0",
  "confidence_threshold": 0.7
}