After Close Engine Prediction
Generated: 2025-08-19T19:42:16.468480
Symbol: AMD
Direction: SKIP
Expected Open: $168.27
Confidence: 13.6%

Full Prediction JSON:
{
  "timestamp": "2025-08-19T19:42:16.468480",
  "symbol": "AMD",
  "direction": "SKIP",
  "expected_open": 168.27,
  "confidence": 0.136,
  "prediction_value": 0.2718,
  "current_price": 168.0,
  "features": {
    "overnight_futures_pct": 0.8681,
    "net_options_flow": 2.6006,
    "news_sentiment_score": 1.2192,
    "global_index_impact_score": 1.9278,
    "prior_close_return": -0.0845,
    "intraday_volatility": -3.4029
  },
  "model_predictions": {
    "lightgbm": 0.2718,
    "lstm": 0.0
  },
  "model_version": "v1.0",
  "confidence_threshold": 0.7
}