After Close Engine Prediction
Generated: 2025-08-21T17:04:59.696123
Symbol: AMD
Direction: SKIP
Expected Open: $168.18
Confidence: 8.9%

Full Prediction JSON:
{
  "timestamp": "2025-08-21T17:04:59.696123",
  "symbol": "AMD",
  "direction": "SKIP",
  "expected_open": 168.18,
  "confidence": 0.089,
  "prediction_value": 0.177,
  "current_price": 168.0,
  "features": {
    "overnight_futures_pct": 1.9843,
    "net_options_flow": 0.001,
    "news_sentiment_score": 1.2556,
    "global_index_impact_score": -3.3113,
    "prior_close_return": -0.0848,
    "intraday_volatility": -3.3891
  },
  "model_predictions": {
    "lightgbm": 0.177,
    "lstm": 0.0
  },
  "model_version": "v1.0",
  "confidence_threshold": 0.7
}