After Close Engine Prediction
Generated: 2025-08-21T15:51:49.146674
Symbol: AMD
Direction: SKIP
Expected Open: $168.19
Confidence: 9.5%

Full Prediction JSON:
{
  "timestamp": "2025-08-21T15:51:49.146674",
  "symbol": "AMD",
  "direction": "SKIP",
  "expected_open": 168.19,
  "confidence": 0.095,
  "prediction_value": 0.1901,
  "current_price": 168.0,
  "features": {
    "overnight_futures_pct": 1.0999,
    "net_options_flow": -0.2858,
    "news_sentiment_score": -0.3639,
    "global_index_impact_score": 0.1397,
    "prior_close_return": -0.0927,
    "intraday_volatility": -3.3881
  },
  "model_predictions": {
    "lightgbm": 0.1901,
    "lstm": 0.0
  },
  "model_version": "v1.0",
  "confidence_threshold": 0.7
}