After Close Engine Prediction
Generated: 2025-08-19T18:35:41.633724
Symbol: AMD
Direction: SKIP
Expected Open: $167.75
Confidence: 12.3%

Full Prediction JSON:
{
  "timestamp": "2025-08-19T18:35:41.633724",
  "symbol": "AMD",
  "direction": "SKIP",
  "expected_open": 167.75,
  "confidence": 0.123,
  "prediction_value": -0.2461,
  "current_price": 168.0,
  "features": {
    "overnight_futures_pct": -1.2239,
    "net_options_flow": -2.5119,
    "news_sentiment_score": -0.5641,
    "global_index_impact_score": -2.0907,
    "prior_close_return": -0.0884,
    "intraday_volatility": -3.4019
  },
  "model_predictions": {
    "lightgbm": -0.2461,
    "lstm": 0.0
  },
  "model_version": "v1.0",
  "confidence_threshold": 0.7
}