After Close Engine Prediction
Generated: 2025-08-21T16:06:25.257380
Symbol: AMD
Direction: SKIP
Expected Open: $168.3
Confidence: 15.1%

Full Prediction JSON:
{
  "timestamp": "2025-08-21T16:06:25.257380",
  "symbol": "AMD",
  "direction": "SKIP",
  "expected_open": 168.3,
  "confidence": 0.151,
  "prediction_value": 0.3019,
  "current_price": 168.0,
  "features": {
    "overnight_futures_pct": 0.7065,
    "net_options_flow": -1.8543,
    "news_sentiment_score": -1.8015,
    "global_index_impact_score": 0.2954,
    "prior_close_return": -0.0957,
    "intraday_volatility": -3.3879
  },
  "model_predictions": {
    "lightgbm": 0.3019,
    "lstm": 0.0
  },
  "model_version": "v1.0",
  "confidence_threshold": 0.7
}