After Close Engine Prediction
Generated: 2025-08-21T14:30:03.313192
Symbol: AMD
Direction: SKIP
Expected Open: $168.33
Confidence: 16.6%

Full Prediction JSON:
{
  "timestamp": "2025-08-21T14:30:03.313192",
  "symbol": "AMD",
  "direction": "SKIP",
  "expected_open": 168.33,
  "confidence": 0.166,
  "prediction_value": 0.333,
  "current_price": 168.0,
  "features": {
    "overnight_futures_pct": 0.6214,
    "net_options_flow": -0.8982,
    "news_sentiment_score": -0.0364,
    "global_index_impact_score": 0.6707,
    "prior_close_return": -0.087,
    "intraday_volatility": -3.3864
  },
  "model_predictions": {
    "lightgbm": 0.333,
    "lstm": 0.0
  },
  "model_version": "v1.0",
  "confidence_threshold": 0.7
}