After Close Engine Prediction
Generated: 2025-08-19T18:11:35.306062
Symbol: AMD
Direction: SKIP
Expected Open: $167.7
Confidence: 15.1%

Full Prediction JSON:
{
  "timestamp": "2025-08-19T18:11:35.306062",
  "symbol": "AMD",
  "direction": "SKIP",
  "expected_open": 167.7,
  "confidence": 0.151,
  "prediction_value": -0.3022,
  "current_price": 168.0,
  "features": {
    "overnight_futures_pct": -1.3266,
    "net_options_flow": -0.1153,
    "news_sentiment_score": -1.4194,
    "global_index_impact_score": -1.2089,
    "prior_close_return": -0.0839,
    "intraday_volatility": -3.4005
  },
  "model_predictions": {
    "lightgbm": -0.3022,
    "lstm": 0.0
  },
  "model_version": "v1.0",
  "confidence_threshold": 0.7
}