After Close Engine Prediction
Generated: 2025-08-21T16:48:18.167526
Symbol: AMD
Direction: SKIP
Expected Open: $168.04
Confidence: 2.2%

Full Prediction JSON:
{
  "timestamp": "2025-08-21T16:48:18.167526",
  "symbol": "AMD",
  "direction": "SKIP",
  "expected_open": 168.04,
  "confidence": 0.022,
  "prediction_value": 0.0447,
  "current_price": 168.0,
  "features": {
    "overnight_futures_pct": -1.4482,
    "net_options_flow": -0.5799,
    "news_sentiment_score": -0.0364,
    "global_index_impact_score": 2.8096,
    "prior_close_return": -0.0845,
    "intraday_volatility": -3.3891
  },
  "model_predictions": {
    "lightgbm": 0.0447,
    "lstm": 0.0
  },
  "model_version": "v1.0",
  "confidence_threshold": 0.7
}