After Close Engine Prediction
Generated: 2025-08-21T13:33:00.242198
Symbol: AMD
Direction: SKIP
Expected Open: $167.56
Confidence: 22.2%

Full Prediction JSON:
{
  "timestamp": "2025-08-21T13:33:00.242198",
  "symbol": "AMD",
  "direction": "SKIP",
  "expected_open": 167.56,
  "confidence": 0.222,
  "prediction_value": -0.4442,
  "current_price": 168.0,
  "features": {
    "overnight_futures_pct": -1.2177,
    "net_options_flow": 1.0897,
    "news_sentiment_score": 0.8553,
    "global_index_impact_score": -2.6796,
    "prior_close_return": -0.0949,
    "intraday_volatility": -3.3846
  },
  "model_predictions": {
    "lightgbm": -0.4442,
    "lstm": 0.0
  },
  "model_version": "v1.0",
  "confidence_threshold": 0.7
}