After Close Engine Prediction
Generated: 2025-08-20T15:33:21.954035
Symbol: AMD
Direction: SKIP
Expected Open: $167.67
Confidence: 16.5%

Full Prediction JSON:
{
  "timestamp": "2025-08-20T15:33:21.954035",
  "symbol": "AMD",
  "direction": "SKIP",
  "expected_open": 167.67,
  "confidence": 0.165,
  "prediction_value": -0.3295,
  "current_price": 168.0,
  "features": {
    "overnight_futures_pct": -0.2969,
    "net_options_flow": 0.8484,
    "news_sentiment_score": 0.4549,
    "global_index_impact_score": -0.562,
    "prior_close_return": -0.0824,
    "intraday_volatility": -3.387
  },
  "model_predictions": {
    "lightgbm": -0.3295,
    "lstm": 0.0
  },
  "model_version": "v1.0",
  "confidence_threshold": 0.7
}