After Close Engine Prediction
Generated: 2025-08-21T15:26:38.730363
Symbol: AMD
Direction: SKIP
Expected Open: $167.71
Confidence: 14.6%

Full Prediction JSON:
{
  "timestamp": "2025-08-21T15:26:38.730363",
  "symbol": "AMD",
  "direction": "SKIP",
  "expected_open": 167.71,
  "confidence": 0.146,
  "prediction_value": -0.2916,
  "current_price": 168.0,
  "features": {
    "overnight_futures_pct": -1.9142,
    "net_options_flow": 1.1419,
    "news_sentiment_score": -0.5459,
    "global_index_impact_score": 0.3808,
    "prior_close_return": -0.0928,
    "intraday_volatility": -3.3864
  },
  "model_predictions": {
    "lightgbm": -0.2916,
    "lstm": 0.0
  },
  "model_version": "v1.0",
  "confidence_threshold": 0.7
}