After Close Engine Prediction
Generated: 2025-08-20T17:33:23.179713
Symbol: AMD
Direction: SKIP
Expected Open: $168.06
Confidence: 2.9%

Full Prediction JSON:
{
  "timestamp": "2025-08-20T17:33:23.179713",
  "symbol": "AMD",
  "direction": "SKIP",
  "expected_open": 168.06,
  "confidence": 0.029,
  "prediction_value": 0.0583,
  "current_price": 168.0,
  "features": {
    "overnight_futures_pct": 1.5196,
    "net_options_flow": 2.9495,
    "news_sentiment_score": 1.2738,
    "global_index_impact_score": -0.2081,
    "prior_close_return": -0.0841,
    "intraday_volatility": -3.3897
  },
  "model_predictions": {
    "lightgbm": 0.0583,
    "lstm": 0.0
  },
  "model_version": "v1.0",
  "confidence_threshold": 0.7
}