After Close Engine Prediction
Generated: 2025-08-20T18:13:35.792905
Symbol: AMD
Direction: SKIP
Expected Open: $168.25
Confidence: 12.5%

Full Prediction JSON:
{
  "timestamp": "2025-08-20T18:13:35.792905",
  "symbol": "AMD",
  "direction": "SKIP",
  "expected_open": 168.25,
  "confidence": 0.125,
  "prediction_value": 0.2496,
  "current_price": 168.0,
  "features": {
    "overnight_futures_pct": -2.0394,
    "net_options_flow": -0.8557,
    "news_sentiment_score": 0.4731,
    "global_index_impact_score": 0.7622,
    "prior_close_return": -0.0879,
    "intraday_volatility": -3.3899
  },
  "model_predictions": {
    "lightgbm": 0.2496,
    "lstm": 0.0
  },
  "model_version": "v1.0",
  "confidence_threshold": 0.7
}