After Close Engine Prediction
Generated: 2025-08-21T16:43:17.986210
Symbol: AMD
Direction: SKIP
Expected Open: $167.85
Confidence: 7.3%

Full Prediction JSON:
{
  "timestamp": "2025-08-21T16:43:17.986210",
  "symbol": "AMD",
  "direction": "SKIP",
  "expected_open": 167.85,
  "confidence": 0.073,
  "prediction_value": -0.1453,
  "current_price": 168.0,
  "features": {
    "overnight_futures_pct": -0.6063,
    "net_options_flow": 1.2072,
    "news_sentiment_score": -1.4739,
    "global_index_impact_score": 0.4449,
    "prior_close_return": -0.0836,
    "intraday_volatility": -3.389
  },
  "model_predictions": {
    "lightgbm": -0.1453,
    "lstm": 0.0
  },
  "model_version": "v1.0",
  "confidence_threshold": 0.7
}