After Close Engine Prediction
Generated: 2025-08-19T18:51:10.409570
Symbol: AMD
Direction: SKIP
Expected Open: $168.11
Confidence: 5.5%

Full Prediction JSON:
{
  "timestamp": "2025-08-19T18:51:10.409570",
  "symbol": "AMD",
  "direction": "SKIP",
  "expected_open": 168.11,
  "confidence": 0.055,
  "prediction_value": 0.11,
  "current_price": 168.0,
  "features": {
    "overnight_futures_pct": 2.1509,
    "net_options_flow": -0.5858,
    "news_sentiment_score": -0.1274,
    "global_index_impact_score": -1.1021,
    "prior_close_return": -0.0908,
    "intraday_volatility": -3.402
  },
  "model_predictions": {
    "lightgbm": 0.11,
    "lstm": 0.0
  },
  "model_version": "v1.0",
  "confidence_threshold": 0.7
}