After Close Engine Prediction
Generated: 2025-08-20T15:14:14.374131
Symbol: AMD
Direction: SKIP
Expected Open: $167.92
Confidence: 3.9%

Full Prediction JSON:
{
  "timestamp": "2025-08-20T15:14:14.374131",
  "symbol": "AMD",
  "direction": "SKIP",
  "expected_open": 167.92,
  "confidence": 0.039,
  "prediction_value": -0.0784,
  "current_price": 168.0,
  "features": {
    "overnight_futures_pct": -1.3053,
    "net_options_flow": 0.6826,
    "news_sentiment_score": 1.5467,
    "global_index_impact_score": 1.6837,
    "prior_close_return": -0.0777,
    "intraday_volatility": -3.3904
  },
  "model_predictions": {
    "lightgbm": -0.0784,
    "lstm": 0.0
  },
  "model_version": "v1.0",
  "confidence_threshold": 0.7
}