After Close Engine Prediction
Generated: 2025-08-21T16:40:48.244839
Symbol: AMD
Direction: SKIP
Expected Open: $168.34
Confidence: 17.0%

Full Prediction JSON:
{
  "timestamp": "2025-08-21T16:40:48.244839",
  "symbol": "AMD",
  "direction": "SKIP",
  "expected_open": 168.34,
  "confidence": 0.17,
  "prediction_value": 0.3404,
  "current_price": 168.0,
  "features": {
    "overnight_futures_pct": 1.1437,
    "net_options_flow": -2.3297,
    "news_sentiment_score": 0.7461,
    "global_index_impact_score": 0.1764,
    "prior_close_return": -0.0839,
    "intraday_volatility": -3.389
  },
  "model_predictions": {
    "lightgbm": 0.3404,
    "lstm": 0.0
  },
  "model_version": "v1.0",
  "confidence_threshold": 0.7
}