After Close Engine Prediction
Generated: 2025-08-20T16:30:36.346342
Symbol: AMD
Direction: SKIP
Expected Open: $168.1
Confidence: 5.2%

Full Prediction JSON:
{
  "timestamp": "2025-08-20T16:30:36.346342",
  "symbol": "AMD",
  "direction": "SKIP",
  "expected_open": 168.1,
  "confidence": 0.052,
  "prediction_value": 0.1047,
  "current_price": 168.0,
  "features": {
    "overnight_futures_pct": -0.2318,
    "net_options_flow": -0.4811,
    "news_sentiment_score": -1.0918,
    "global_index_impact_score": 0.4144,
    "prior_close_return": -0.0871,
    "intraday_volatility": -3.3884
  },
  "model_predictions": {
    "lightgbm": 0.1047,
    "lstm": 0.0
  },
  "model_version": "v1.0",
  "confidence_threshold": 0.7
}