After Close Engine Prediction
Generated: 2025-08-20T19:24:28.776637
Symbol: AMD
Direction: SKIP
Expected Open: $168.51
Confidence: 25.5%

Full Prediction JSON:
{
  "timestamp": "2025-08-20T19:24:28.776637",
  "symbol": "AMD",
  "direction": "SKIP",
  "expected_open": 168.51,
  "confidence": 0.255,
  "prediction_value": 0.5091,
  "current_price": 168.0,
  "features": {
    "overnight_futures_pct": 2.0031,
    "net_options_flow": -1.0155,
    "news_sentiment_score": 1.201,
    "global_index_impact_score": 0.8324,
    "prior_close_return": -0.0735,
    "intraday_volatility": -3.3895
  },
  "model_predictions": {
    "lightgbm": 0.5091,
    "lstm": 0.0
  },
  "model_version": "v1.0",
  "confidence_threshold": 0.7
}