After Close Engine Prediction
Generated: 2025-08-19T18:56:10.571491
Symbol: AMD
Direction: SKIP
Expected Open: $167.53
Confidence: 23.5%

Full Prediction JSON:
{
  "timestamp": "2025-08-19T18:56:10.571491",
  "symbol": "AMD",
  "direction": "SKIP",
  "expected_open": 167.53,
  "confidence": 0.235,
  "prediction_value": -0.4704,
  "current_price": 168.0,
  "features": {
    "overnight_futures_pct": -1.7526,
    "net_options_flow": 3.007,
    "news_sentiment_score": -0.6915,
    "global_index_impact_score": -0.0677,
    "prior_close_return": -0.0894,
    "intraday_volatility": -3.402
  },
  "model_predictions": {
    "lightgbm": -0.4704,
    "lstm": 0.0
  },
  "model_version": "v1.0",
  "confidence_threshold": 0.7
}