After Close Engine Prediction
Generated: 2025-08-20T16:06:39.733625
Symbol: AMD
Direction: SKIP
Expected Open: $168.43
Confidence: 21.4%

Full Prediction JSON:
{
  "timestamp": "2025-08-20T16:06:39.733625",
  "symbol": "AMD",
  "direction": "SKIP",
  "expected_open": 168.43,
  "confidence": 0.214,
  "prediction_value": 0.4288,
  "current_price": 168.0,
  "features": {
    "overnight_futures_pct": 0.5625,
    "net_options_flow": -0.6895,
    "news_sentiment_score": 0.0182,
    "global_index_impact_score": 0.6615,
    "prior_close_return": -0.0887,
    "intraday_volatility": -3.3875
  },
  "model_predictions": {
    "lightgbm": 0.4288,
    "lstm": 0.0
  },
  "model_version": "v1.0",
  "confidence_threshold": 0.7
}