After Close Engine Prediction
Generated: 2025-08-20T17:58:16.839262
Symbol: AMD
Direction: SKIP
Expected Open: $167.8
Confidence: 10.2%

Full Prediction JSON:
{
  "timestamp": "2025-08-20T17:58:16.839262",
  "symbol": "AMD",
  "direction": "SKIP",
  "expected_open": 167.8,
  "confidence": 0.102,
  "prediction_value": -0.2042,
  "current_price": 168.0,
  "features": {
    "overnight_futures_pct": 1.9881,
    "net_options_flow": 0.4403,
    "news_sentiment_score": -0.0364,
    "global_index_impact_score": -1.749,
    "prior_close_return": -0.0879,
    "intraday_volatility": -3.3899
  },
  "model_predictions": {
    "lightgbm": -0.2042,
    "lstm": 0.0
  },
  "model_version": "v1.0",
  "confidence_threshold": 0.7
}