After Close Engine Prediction
Generated: 2025-08-21T15:11:38.188907
Symbol: AMD
Direction: SKIP
Expected Open: $168.35
Confidence: 17.4%

Full Prediction JSON:
{
  "timestamp": "2025-08-21T15:11:38.188907",
  "symbol": "AMD",
  "direction": "SKIP",
  "expected_open": 168.35,
  "confidence": 0.174,
  "prediction_value": 0.348,
  "current_price": 168.0,
  "features": {
    "overnight_futures_pct": 1.3818,
    "net_options_flow": -0.3019,
    "news_sentiment_score": -1.2192,
    "global_index_impact_score": 0.692,
    "prior_close_return": -0.0959,
    "intraday_volatility": -3.3862
  },
  "model_predictions": {
    "lightgbm": 0.348,
    "lstm": 0.0
  },
  "model_version": "v1.0",
  "confidence_threshold": 0.7
}