After Close Engine Prediction
Generated: 2025-08-21T14:43:33.115224
Symbol: AMD
Direction: SKIP
Expected Open: $168.29
Confidence: 14.7%

Full Prediction JSON:
{
  "timestamp": "2025-08-21T14:43:33.115224",
  "symbol": "AMD",
  "direction": "SKIP",
  "expected_open": 168.29,
  "confidence": 0.147,
  "prediction_value": 0.2931,
  "current_price": 168.0,
  "features": {
    "overnight_futures_pct": 0.7692,
    "net_options_flow": -0.741,
    "news_sentiment_score": -1.6013,
    "global_index_impact_score": 0.2771,
    "prior_close_return": -0.0934,
    "intraday_volatility": -3.3864
  },
  "model_predictions": {
    "lightgbm": 0.2931,
    "lstm": 0.0
  },
  "model_version": "v1.0",
  "confidence_threshold": 0.7
}