After Close Engine Prediction
Generated: 2025-08-19T19:37:16.279201
Symbol: AMD
Direction: SKIP
Expected Open: $167.91
Confidence: 4.5%

Full Prediction JSON:
{
  "timestamp": "2025-08-19T19:37:16.279201",
  "symbol": "AMD",
  "direction": "SKIP",
  "expected_open": 167.91,
  "confidence": 0.045,
  "prediction_value": -0.0907,
  "current_price": 168.0,
  "features": {
    "overnight_futures_pct": 1.1913,
    "net_options_flow": 2.3465,
    "news_sentiment_score": 1.6195,
    "global_index_impact_score": -0.3393,
    "prior_close_return": -0.0837,
    "intraday_volatility": -3.4028
  },
  "model_predictions": {
    "lightgbm": -0.0907,
    "lstm": 0.0
  },
  "model_version": "v1.0",
  "confidence_threshold": 0.7
}