After Close Engine Prediction
Generated: 2025-08-21T13:20:25.617066
Symbol: AMD
Direction: SKIP
Expected Open: $167.91
Confidence: 4.7%

Full Prediction JSON:
{
  "timestamp": "2025-08-21T13:20:25.617066",
  "symbol": "AMD",
  "direction": "SKIP",
  "expected_open": 167.91,
  "confidence": 0.047,
  "prediction_value": -0.0932,
  "current_price": 168.0,
  "features": {
    "overnight_futures_pct": 1.4294,
    "net_options_flow": 2.7415,
    "news_sentiment_score": 0.9644,
    "global_index_impact_score": -0.9862,
    "prior_close_return": -0.0814,
    "intraday_volatility": -3.3908
  },
  "model_predictions": {
    "lightgbm": -0.0932,
    "lstm": 0.0
  },
  "model_version": "v1.0",
  "confidence_threshold": 0.7
}