After Close Engine Prediction
Generated: 2025-08-21T12:50:23.900085
Symbol: AMD
Direction: SKIP
Expected Open: $168.29
Confidence: 14.5%

Full Prediction JSON:
{
  "timestamp": "2025-08-21T12:50:23.900085",
  "symbol": "AMD",
  "direction": "SKIP",
  "expected_open": 168.29,
  "confidence": 0.145,
  "prediction_value": 0.2896,
  "current_price": 168.0,
  "features": {
    "overnight_futures_pct": 1.6874,
    "net_options_flow": 2.0884,
    "news_sentiment_score": 1.1828,
    "global_index_impact_score": 1.6837,
    "prior_close_return": -0.0814,
    "intraday_volatility": -3.3908
  },
  "model_predictions": {
    "lightgbm": 0.2896,
    "lstm": 0.0
  },
  "model_version": "v1.0",
  "confidence_threshold": 0.7
}