After Close Engine Prediction
Generated: 2025-08-21T16:08:45.541360
Symbol: AMD
Direction: SKIP
Expected Open: $168.32
Confidence: 16.2%

Full Prediction JSON:
{
  "timestamp": "2025-08-21T16:08:45.541360",
  "symbol": "AMD",
  "direction": "SKIP",
  "expected_open": 168.32,
  "confidence": 0.162,
  "prediction_value": 0.3231,
  "current_price": 168.0,
  "features": {
    "overnight_futures_pct": -0.337,
    "net_options_flow": -2.3343,
    "news_sentiment_score": 0.7825,
    "global_index_impact_score": 1.1253,
    "prior_close_return": -0.0955,
    "intraday_volatility": -3.3879
  },
  "model_predictions": {
    "lightgbm": 0.3231,
    "lstm": 0.0
  },
  "model_version": "v1.0",
  "confidence_threshold": 0.7
}