After Close Engine Prediction
Generated: 2025-08-20T19:23:18.579619
Symbol: AMD
Direction: SKIP
Expected Open: $168.19
Confidence: 9.7%

Full Prediction JSON:
{
  "timestamp": "2025-08-20T19:23:18.579619",
  "symbol": "AMD",
  "direction": "SKIP",
  "expected_open": 168.19,
  "confidence": 0.097,
  "prediction_value": 0.1938,
  "current_price": 168.0,
  "features": {
    "overnight_futures_pct": 2.166,
    "net_options_flow": -3.1697,
    "news_sentiment_score": 0.1638,
    "global_index_impact_score": -0.6261,
    "prior_close_return": -0.0741,
    "intraday_volatility": -3.3896
  },
  "model_predictions": {
    "lightgbm": 0.1938,
    "lstm": 0.0
  },
  "model_version": "v1.0",
  "confidence_threshold": 0.7
}