After Close Engine Prediction
Generated: 2025-08-19T17:01:05.244902
Symbol: AMD
Direction: SKIP
Expected Open: $167.82
Confidence: 8.9%

Full Prediction JSON:
{
  "timestamp": "2025-08-19T17:01:05.244902",
  "symbol": "AMD",
  "direction": "SKIP",
  "expected_open": 167.82,
  "confidence": 0.089,
  "prediction_value": -0.1786,
  "current_price": 168.0,
  "features": {
    "overnight_futures_pct": -0.793,
    "net_options_flow": 0.8329,
    "news_sentiment_score": -1.4921,
    "global_index_impact_score": 1.9827,
    "prior_close_return": -0.0871,
    "intraday_volatility": -3.4842
  },
  "model_predictions": {
    "lightgbm": -0.1786,
    "lstm": 0.0
  },
  "model_version": "v1.0",
  "confidence_threshold": 0.7
}