After Close Engine Prediction
Generated: 2025-08-21T15:50:54.790489
Symbol: AMD
Direction: SKIP
Expected Open: $167.67
Confidence: 16.5%

Full Prediction JSON:
{
  "timestamp": "2025-08-21T15:50:54.790489",
  "symbol": "AMD",
  "direction": "SKIP",
  "expected_open": 167.67,
  "confidence": 0.165,
  "prediction_value": -0.3294,
  "current_price": 168.0,
  "features": {
    "overnight_futures_pct": -0.332,
    "net_options_flow": 1.5102,
    "news_sentiment_score": 0.8371,
    "global_index_impact_score": -1.1479,
    "prior_close_return": -0.0918,
    "intraday_volatility": -3.3881
  },
  "model_predictions": {
    "lightgbm": -0.3294,
    "lstm": 0.0
  },
  "model_version": "v1.0",
  "confidence_threshold": 0.7
}