After Close Engine Prediction
Generated: 2025-08-20T19:08:42.772389
Symbol: AMD
Direction: SKIP
Expected Open: $168.33
Confidence: 16.5%

Full Prediction JSON:
{
  "timestamp": "2025-08-20T19:08:42.772389",
  "symbol": "AMD",
  "direction": "SKIP",
  "expected_open": 168.33,
  "confidence": 0.165,
  "prediction_value": 0.3298,
  "current_price": 168.0,
  "features": {
    "overnight_futures_pct": -0.4197,
    "net_options_flow": -2.6942,
    "news_sentiment_score": 0.9098,
    "global_index_impact_score": 2.0132,
    "prior_close_return": -0.0798,
    "intraday_volatility": -3.3907
  },
  "model_predictions": {
    "lightgbm": 0.3298,
    "lstm": 0.0
  },
  "model_version": "v1.0",
  "confidence_threshold": 0.7
}