After Close Engine Prediction
Generated: 2025-08-21T18:14:18.884560
Symbol: AMD
Direction: SKIP
Expected Open: $168.02
Confidence: 1.0%

Full Prediction JSON:
{
  "timestamp": "2025-08-21T18:14:18.884560",
  "symbol": "AMD",
  "direction": "SKIP",
  "expected_open": 168.02,
  "confidence": 0.01,
  "prediction_value": 0.0209,
  "current_price": 168.0,
  "features": {
    "overnight_futures_pct": -1.6461,
    "net_options_flow": -1.6578,
    "news_sentiment_score": 1.5831,
    "global_index_impact_score": -0.2691,
    "prior_close_return": -0.0829,
    "intraday_volatility": -3.3904
  },
  "model_predictions": {
    "lightgbm": 0.0209,
    "lstm": 0.0
  },
  "model_version": "v1.0",
  "confidence_threshold": 0.7
}