After Close Engine Prediction
Generated: 2025-08-21T17:58:11.884200
Symbol: AMD
Direction: SKIP
Expected Open: $168.06
Confidence: 3.0%

Full Prediction JSON:
{
  "timestamp": "2025-08-21T17:58:11.884200",
  "symbol": "AMD",
  "direction": "SKIP",
  "expected_open": 168.06,
  "confidence": 0.03,
  "prediction_value": 0.0606,
  "current_price": 168.0,
  "features": {
    "overnight_futures_pct": -0.4535,
    "net_options_flow": -0.4507,
    "news_sentiment_score": 1.4739,
    "global_index_impact_score": -0.9801,
    "prior_close_return": -0.0832,
    "intraday_volatility": -3.3904
  },
  "model_predictions": {
    "lightgbm": 0.0606,
    "lstm": 0.0
  },
  "model_version": "v1.0",
  "confidence_threshold": 0.7
}