After Close Engine Prediction
Generated: 2025-08-19T17:19:18.363945
Symbol: AMD
Direction: SKIP
Expected Open: $167.99
Confidence: 0.6%

Full Prediction JSON:
{
  "timestamp": "2025-08-19T17:19:18.363945",
  "symbol": "AMD",
  "direction": "SKIP",
  "expected_open": 167.99,
  "confidence": 0.006,
  "prediction_value": -0.0116,
  "current_price": 168.0,
  "features": {
    "overnight_futures_pct": -1.0022,
    "net_options_flow": 0.4514,
    "news_sentiment_score": 1.0008,
    "global_index_impact_score": 1.9888,
    "prior_close_return": -0.1016,
    "intraday_volatility": -3.3989
  },
  "model_predictions": {
    "lightgbm": -0.0116,
    "lstm": 0.0
  },
  "model_version": "v1.0",
  "confidence_threshold": 0.7
}