After Close Engine Prediction
Generated: 2025-08-21T13:45:30.379336
Symbol: AMD
Direction: SKIP
Expected Open: $167.8
Confidence: 10.2%

Full Prediction JSON:
{
  "timestamp": "2025-08-21T13:45:30.379336",
  "symbol": "AMD",
  "direction": "SKIP",
  "expected_open": 167.8,
  "confidence": 0.102,
  "prediction_value": -0.204,
  "current_price": 168.0,
  "features": {
    "overnight_futures_pct": -0.932,
    "net_options_flow": -2.8695,
    "news_sentiment_score": -0.5823,
    "global_index_impact_score": -1.8955,
    "prior_close_return": -0.0936,
    "intraday_volatility": -3.3846
  },
  "model_predictions": {
    "lightgbm": -0.204,
    "lstm": 0.0
  },
  "model_version": "v1.0",
  "confidence_threshold": 0.7
}