After Close Engine Prediction
Generated: 2025-08-19T18:45:53.951717
Symbol: AMD
Direction: SKIP
Expected Open: $168.06
Confidence: 2.9%

Full Prediction JSON:
{
  "timestamp": "2025-08-19T18:45:53.951717",
  "symbol": "AMD",
  "direction": "SKIP",
  "expected_open": 168.06,
  "confidence": 0.029,
  "prediction_value": 0.0582,
  "current_price": 168.0,
  "features": {
    "overnight_futures_pct": 0.1165,
    "net_options_flow": 0.3597,
    "news_sentiment_score": 1.1646,
    "global_index_impact_score": -0.1227,
    "prior_close_return": -0.0891,
    "intraday_volatility": -3.402
  },
  "model_predictions": {
    "lightgbm": 0.0582,
    "lstm": 0.0
  },
  "model_version": "v1.0",
  "confidence_threshold": 0.7
}