After Close Engine Prediction
Generated: 2025-08-21T15:58:18.793850
Symbol: AMD
Direction: SKIP
Expected Open: $168.16
Confidence: 8.2%

Full Prediction JSON:
{
  "timestamp": "2025-08-21T15:58:18.793850",
  "symbol": "AMD",
  "direction": "SKIP",
  "expected_open": 168.16,
  "confidence": 0.082,
  "prediction_value": 0.1649,
  "current_price": 168.0,
  "features": {
    "overnight_futures_pct": 0.2618,
    "net_options_flow": -3.1154,
    "news_sentiment_score": 0.0364,
    "global_index_impact_score": -0.5498,
    "prior_close_return": -0.0939,
    "intraday_volatility": -3.388
  },
  "model_predictions": {
    "lightgbm": 0.1649,
    "lstm": 0.0
  },
  "model_version": "v1.0",
  "confidence_threshold": 0.7
}