After Close Engine Prediction
Generated: 2025-08-20T15:25:39.097011
Symbol: AMD
Direction: SKIP
Expected Open: $167.75
Confidence: 12.6%

Full Prediction JSON:
{
  "timestamp": "2025-08-20T15:25:39.097011",
  "symbol": "AMD",
  "direction": "SKIP",
  "expected_open": 167.75,
  "confidence": 0.126,
  "prediction_value": -0.2529,
  "current_price": 168.0,
  "features": {
    "overnight_futures_pct": -1.2227,
    "net_options_flow": -0.7168,
    "news_sentiment_score": -1.2556,
    "global_index_impact_score": -0.3424,
    "prior_close_return": -0.0664,
    "intraday_volatility": -3.3871
  },
  "model_predictions": {
    "lightgbm": -0.2529,
    "lstm": 0.0
  },
  "model_version": "v1.0",
  "confidence_threshold": 0.7
}