After Close Engine Prediction
Generated: 2025-08-21T17:47:55.078864
Symbol: AMD
Direction: SKIP
Expected Open: $167.96
Confidence: 1.8%

Full Prediction JSON:
{
  "timestamp": "2025-08-21T17:47:55.078864",
  "symbol": "AMD",
  "direction": "SKIP",
  "expected_open": 167.96,
  "confidence": 0.018,
  "prediction_value": -0.0353,
  "current_price": 168.0,
  "features": {
    "overnight_futures_pct": -1.5008,
    "net_options_flow": -3.017,
    "news_sentiment_score": 1.019,
    "global_index_impact_score": -3.0916,
    "prior_close_return": -0.0828,
    "intraday_volatility": -3.3904
  },
  "model_predictions": {
    "lightgbm": -0.0353,
    "lstm": 0.0
  },
  "model_version": "v1.0",
  "confidence_threshold": 0.7
}