After Close Engine Prediction
Generated: 2025-08-20T15:55:29.233714
Symbol: AMD
Direction: SKIP
Expected Open: $167.92
Confidence: 4.0%

Full Prediction JSON:
{
  "timestamp": "2025-08-20T15:55:29.233714",
  "symbol": "AMD",
  "direction": "SKIP",
  "expected_open": 167.92,
  "confidence": 0.04,
  "prediction_value": -0.0805,
  "current_price": 168.0,
  "features": {
    "overnight_futures_pct": -1.2177,
    "net_options_flow": 1.4667,
    "news_sentiment_score": 0.4731,
    "global_index_impact_score": 1.5922,
    "prior_close_return": -0.0909,
    "intraday_volatility": -3.3876
  },
  "model_predictions": {
    "lightgbm": -0.0805,
    "lstm": 0.0
  },
  "model_version": "v1.0",
  "confidence_threshold": 0.7
}