After Close Engine Prediction
Generated: 2025-08-21T18:11:39.144033
Symbol: AMD
Direction: SKIP
Expected Open: $167.8
Confidence: 10.2%

Full Prediction JSON:
{
  "timestamp": "2025-08-21T18:11:39.144033",
  "symbol": "AMD",
  "direction": "SKIP",
  "expected_open": 167.8,
  "confidence": 0.102,
  "prediction_value": -0.2048,
  "current_price": 168.0,
  "features": {
    "overnight_futures_pct": -1.4419,
    "net_options_flow": -0.7648,
    "news_sentiment_score": -0.3093,
    "global_index_impact_score": -0.4919,
    "prior_close_return": -0.0844,
    "intraday_volatility": -3.3905
  },
  "model_predictions": {
    "lightgbm": -0.2048,
    "lstm": 0.0
  },
  "model_version": "v1.0",
  "confidence_threshold": 0.7
}