After Close Engine Prediction
Generated: 2025-08-21T15:46:21.872673
Symbol: AMD
Direction: SKIP
Expected Open: $167.63
Confidence: 18.6%

Full Prediction JSON:
{
  "timestamp": "2025-08-21T15:46:21.872673",
  "symbol": "AMD",
  "direction": "SKIP",
  "expected_open": 167.63,
  "confidence": 0.186,
  "prediction_value": -0.3713,
  "current_price": 168.0,
  "features": {
    "overnight_futures_pct": -1.0974,
    "net_options_flow": 2.7206,
    "news_sentiment_score": 1.3648,
    "global_index_impact_score": -1.035,
    "prior_close_return": -0.0878,
    "intraday_volatility": -3.3881
  },
  "model_predictions": {
    "lightgbm": -0.3713,
    "lstm": 0.0
  },
  "model_version": "v1.0",
  "confidence_threshold": 0.7
}