After Close Engine Prediction
Generated: 2025-08-20T16:42:18.251433
Symbol: AMD
Direction: SKIP
Expected Open: $167.75
Confidence: 12.4%

Full Prediction JSON:
{
  "timestamp": "2025-08-20T16:42:18.251433",
  "symbol": "AMD",
  "direction": "SKIP",
  "expected_open": 167.75,
  "confidence": 0.124,
  "prediction_value": -0.2475,
  "current_price": 168.0,
  "features": {
    "overnight_futures_pct": 0.7516,
    "net_options_flow": 1.7621,
    "news_sentiment_score": -0.8007,
    "global_index_impact_score": -0.7817,
    "prior_close_return": -0.0951,
    "intraday_volatility": -3.3884
  },
  "model_predictions": {
    "lightgbm": -0.2475,
    "lstm": 0.0
  },
  "model_version": "v1.0",
  "confidence_threshold": 0.7
}