After Close Engine Prediction
Generated: 2025-08-19T17:43:39.490303
Symbol: AMD
Direction: SKIP
Expected Open: $167.86
Confidence: 6.9%

Full Prediction JSON:
{
  "timestamp": "2025-08-19T17:43:39.490303",
  "symbol": "AMD",
  "direction": "SKIP",
  "expected_open": 167.86,
  "confidence": 0.069,
  "prediction_value": -0.1371,
  "current_price": 168.0,
  "features": {
    "overnight_futures_pct": -0.8744,
    "net_options_flow": 0.2748,
    "news_sentiment_score": -0.3639,
    "global_index_impact_score": 2.9927,
    "prior_close_return": -0.0848,
    "intraday_volatility": -3.4006
  },
  "model_predictions": {
    "lightgbm": -0.1371,
    "lstm": 0.0
  },
  "model_version": "v1.0",
  "confidence_threshold": 0.7
}