After Close Engine Prediction
Generated: 2025-08-19T19:53:07.549913
Symbol: AMD
Direction: SKIP
Expected Open: $168.33
Confidence: 16.4%

Full Prediction JSON:
{
  "timestamp": "2025-08-19T19:53:07.549913",
  "symbol": "AMD",
  "direction": "SKIP",
  "expected_open": 168.33,
  "confidence": 0.164,
  "prediction_value": 0.3272,
  "current_price": 168.0,
  "features": {
    "overnight_futures_pct": -0.7341,
    "net_options_flow": -2.0131,
    "news_sentiment_score": 0.9644,
    "global_index_impact_score": 1.7569,
    "prior_close_return": -0.0882,
    "intraday_volatility": -3.4031
  },
  "model_predictions": {
    "lightgbm": 0.3272,
    "lstm": 0.0
  },
  "model_version": "v1.0",
  "confidence_threshold": 0.7
}