After Close Engine Prediction
Generated: 2025-08-21T14:14:57.449762
Symbol: AMD
Direction: SKIP
Expected Open: $167.88
Confidence: 6.1%

Full Prediction JSON:
{
  "timestamp": "2025-08-21T14:14:57.449762",
  "symbol": "AMD",
  "direction": "SKIP",
  "expected_open": 167.88,
  "confidence": 0.061,
  "prediction_value": -0.1217,
  "current_price": 168.0,
  "features": {
    "overnight_futures_pct": -0.2956,
    "net_options_flow": -0.3149,
    "news_sentiment_score": -0.928,
    "global_index_impact_score": -1.1357,
    "prior_close_return": -0.0995,
    "intraday_volatility": -3.3841
  },
  "model_predictions": {
    "lightgbm": -0.1217,
    "lstm": 0.0
  },
  "model_version": "v1.0",
  "confidence_threshold": 0.7
}