After Close Engine Prediction
Generated: 2025-08-21T13:39:26.917495
Symbol: AMD
Direction: SKIP
Expected Open: $167.91
Confidence: 4.5%

Full Prediction JSON:
{
  "timestamp": "2025-08-21T13:39:26.917495",
  "symbol": "AMD",
  "direction": "SKIP",
  "expected_open": 167.91,
  "confidence": 0.045,
  "prediction_value": -0.0895,
  "current_price": 168.0,
  "features": {
    "overnight_futures_pct": -0.3595,
    "net_options_flow": 1.4967,
    "news_sentiment_score": -0.6187,
    "global_index_impact_score": 2.9652,
    "prior_close_return": -0.0886,
    "intraday_volatility": -3.3847
  },
  "model_predictions": {
    "lightgbm": -0.0895,
    "lstm": 0.0
  },
  "model_version": "v1.0",
  "confidence_threshold": 0.7
}