After Close Engine Prediction
Generated: 2025-08-20T17:28:23.011519
Symbol: AMD
Direction: SKIP
Expected Open: $167.55
Confidence: 22.6%

Full Prediction JSON:
{
  "timestamp": "2025-08-20T17:28:23.011519",
  "symbol": "AMD",
  "direction": "SKIP",
  "expected_open": 167.55,
  "confidence": 0.226,
  "prediction_value": -0.4529,
  "current_price": 168.0,
  "features": {
    "overnight_futures_pct": -2.0344,
    "net_options_flow": 2.2118,
    "news_sentiment_score": 0.6551,
    "global_index_impact_score": -1.7887,
    "prior_close_return": -0.091,
    "intraday_volatility": -3.3885
  },
  "model_predictions": {
    "lightgbm": -0.4529,
    "lstm": 0.0
  },
  "model_version": "v1.0",
  "confidence_threshold": 0.7
}