After Close Engine Prediction
Generated: 2025-08-20T18:08:36.590571
Symbol: AMD
Direction: SKIP
Expected Open: $167.73
Confidence: 13.7%

Full Prediction JSON:
{
  "timestamp": "2025-08-20T18:08:36.590571",
  "symbol": "AMD",
  "direction": "SKIP",
  "expected_open": 167.73,
  "confidence": 0.137,
  "prediction_value": -0.2737,
  "current_price": 168.0,
  "features": {
    "overnight_futures_pct": -1.9781,
    "net_options_flow": -2.9564,
    "news_sentiment_score": -1.6013,
    "global_index_impact_score": -3.177,
    "prior_close_return": -0.089,
    "intraday_volatility": -3.39
  },
  "model_predictions": {
    "lightgbm": -0.2737,
    "lstm": 0.0
  },
  "model_version": "v1.0",
  "confidence_threshold": 0.7
}