After Close Engine Prediction
Generated: 2025-08-20T17:08:12.342072
Symbol: AMD
Direction: SKIP
Expected Open: $168.26
Confidence: 12.8%

Full Prediction JSON:
{
  "timestamp": "2025-08-20T17:08:12.342072",
  "symbol": "AMD",
  "direction": "SKIP",
  "expected_open": 168.26,
  "confidence": 0.128,
  "prediction_value": 0.2553,
  "current_price": 168.0,
  "features": {
    "overnight_futures_pct": 0.7141,
    "net_options_flow": -2.4537,
    "news_sentiment_score": 1.2738,
    "global_index_impact_score": -2.5057,
    "prior_close_return": -0.0889,
    "intraday_volatility": -3.3884
  },
  "model_predictions": {
    "lightgbm": 0.2553,
    "lstm": 0.0
  },
  "model_version": "v1.0",
  "confidence_threshold": 0.7
}