After Close Engine Prediction
Generated: 2025-08-20T14:31:07.785994
Symbol: AMD
Direction: SKIP
Expected Open: $168.26
Confidence: 13.2%

Full Prediction JSON:
{
  "timestamp": "2025-08-20T14:31:07.785994",
  "symbol": "AMD",
  "direction": "SKIP",
  "expected_open": 168.26,
  "confidence": 0.132,
  "prediction_value": 0.2635,
  "current_price": 168.0,
  "features": {
    "overnight_futures_pct": 1.3692,
    "net_options_flow": -2.0785,
    "news_sentiment_score": 0.8553,
    "global_index_impact_score": -2.759,
    "prior_close_return": -0.0863,
    "intraday_volatility": -3.3918
  },
  "model_predictions": {
    "lightgbm": 0.2635,
    "lstm": 0.0
  },
  "model_version": "v1.0",
  "confidence_threshold": 0.7
}