After Close Engine Prediction
Generated: 2025-08-20T14:31:22.403335
Symbol: AMD
Direction: SKIP
Expected Open: $167.82
Confidence: 9.1%

Full Prediction JSON:
{
  "timestamp": "2025-08-20T14:31:22.403335",
  "symbol": "AMD",
  "direction": "SKIP",
  "expected_open": 167.82,
  "confidence": 0.091,
  "prediction_value": -0.1822,
  "current_price": 168.0,
  "features": {
    "overnight_futures_pct": 2.2975,
    "net_options_flow": 0.2378,
    "news_sentiment_score": -0.928,
    "global_index_impact_score": -3.6194,
    "prior_close_return": -0.0866,
    "intraday_volatility": -3.3918
  },
  "model_predictions": {
    "lightgbm": -0.1822,
    "lstm": 0.0
  },
  "model_version": "v1.0",
  "confidence_threshold": 0.7
}