After Close Engine Prediction
Generated: 2025-08-19T16:57:43.560306
Symbol: AMD
Direction: SKIP
Expected Open: $168.47
Confidence: 23.5%

Full Prediction JSON:
{
  "timestamp": "2025-08-19T16:57:43.560306",
  "symbol": "AMD",
  "direction": "SKIP",
  "expected_open": 168.47,
  "confidence": 0.235,
  "prediction_value": 0.4703,
  "current_price": 168.0,
  "features": {
    "overnight_futures_pct": 0.0401,
    "net_options_flow": -1.1916,
    "news_sentiment_score": 0.7097,
    "global_index_impact_score": 0.869,
    "prior_close_return": -0.0871,
    "intraday_volatility": -3.4842
  },
  "model_predictions": {
    "lightgbm": 0.4703,
    "lstm": 0.0
  },
  "model_version": "v1.0",
  "confidence_threshold": 0.7
}