After Close Engine Prediction
Generated: 2025-08-21T16:58:17.660989
Symbol: AMD
Direction: SKIP
Expected Open: $167.95
Confidence: 2.6%

Full Prediction JSON:
{
  "timestamp": "2025-08-21T16:58:17.660989",
  "symbol": "AMD",
  "direction": "SKIP",
  "expected_open": 167.95,
  "confidence": 0.026,
  "prediction_value": -0.0525,
  "current_price": 168.0,
  "features": {
    "overnight_futures_pct": -0.0764,
    "net_options_flow": -0.6947,
    "news_sentiment_score": -0.2184,
    "global_index_impact_score": -0.4156,
    "prior_close_return": -0.0869,
    "intraday_volatility": -3.3892
  },
  "model_predictions": {
    "lightgbm": -0.0525,
    "lstm": 0.0
  },
  "model_version": "v1.0",
  "confidence_threshold": 0.7
}