After Close Engine Prediction
Generated: 2025-08-20T19:46:14.125357
Symbol: AMD
Direction: SKIP
Expected Open: $168.47
Confidence: 23.4%

Full Prediction JSON:
{
  "timestamp": "2025-08-20T19:46:14.125357",
  "symbol": "AMD",
  "direction": "SKIP",
  "expected_open": 168.47,
  "confidence": 0.234,
  "prediction_value": 0.4679,
  "current_price": 168.0,
  "features": {
    "overnight_futures_pct": 0.7955,
    "net_options_flow": -3.4693,
    "news_sentiment_score": 0.4549,
    "global_index_impact_score": 0.8965,
    "prior_close_return": -0.083,
    "intraday_volatility": -3.391
  },
  "model_predictions": {
    "lightgbm": 0.4679,
    "lstm": 0.0
  },
  "model_version": "v1.0",
  "confidence_threshold": 0.7
}