After Close Engine Prediction
Generated: 2025-08-21T16:10:46.568092
Symbol: AMD
Direction: SKIP
Expected Open: $168.3
Confidence: 15.0%

Full Prediction JSON:
{
  "timestamp": "2025-08-21T16:10:46.568092",
  "symbol": "AMD",
  "direction": "SKIP",
  "expected_open": 168.3,
  "confidence": 0.15,
  "prediction_value": 0.3003,
  "current_price": 168.0,
  "features": {
    "overnight_futures_pct": 1.7526,
    "net_options_flow": -2.2018,
    "news_sentiment_score": 0.6187,
    "global_index_impact_score": -0.1867,
    "prior_close_return": -0.0978,
    "intraday_volatility": -3.3877
  },
  "model_predictions": {
    "lightgbm": 0.3003,
    "lstm": 0.0
  },
  "model_version": "v1.0",
  "confidence_threshold": 0.7
}