After Close Engine Prediction
Generated: 2025-08-21T13:44:46.898475
Symbol: AMD
Direction: SKIP
Expected Open: $168.14
Confidence: 6.8%

Full Prediction JSON:
{
  "timestamp": "2025-08-21T13:44:46.898475",
  "symbol": "AMD",
  "direction": "SKIP",
  "expected_open": 168.14,
  "confidence": 0.068,
  "prediction_value": 0.1357,
  "current_price": 168.0,
  "features": {
    "overnight_futures_pct": -0.2844,
    "net_options_flow": -1.6915,
    "news_sentiment_score": -0.6551,
    "global_index_impact_score": 1.0399,
    "prior_close_return": -0.0899,
    "intraday_volatility": -3.3847
  },
  "model_predictions": {
    "lightgbm": 0.1357,
    "lstm": 0.0
  },
  "model_version": "v1.0",
  "confidence_threshold": 0.7
}