After Close Engine Prediction
Generated: 2025-08-19T19:55:45.625991
Symbol: AMD
Direction: SKIP
Expected Open: $167.88
Confidence: 6.0%

Full Prediction JSON:
{
  "timestamp": "2025-08-19T19:55:45.625991",
  "symbol": "AMD",
  "direction": "SKIP",
  "expected_open": 167.88,
  "confidence": 0.06,
  "prediction_value": -0.1198,
  "current_price": 168.0,
  "features": {
    "overnight_futures_pct": 0.1816,
    "net_options_flow": 1.4978,
    "news_sentiment_score": 1.0372,
    "global_index_impact_score": -1.6727,
    "prior_close_return": -0.0899,
    "intraday_volatility": -3.4032
  },
  "model_predictions": {
    "lightgbm": -0.1198,
    "lstm": 0.0
  },
  "model_version": "v1.0",
  "confidence_threshold": 0.7
}