After Close Engine Prediction
Generated: 2025-08-20T18:18:45.017493
Symbol: AMD
Direction: SKIP
Expected Open: $167.88
Confidence: 6.1%

Full Prediction JSON:
{
  "timestamp": "2025-08-20T18:18:45.017493",
  "symbol": "AMD",
  "direction": "SKIP",
  "expected_open": 167.88,
  "confidence": 0.061,
  "prediction_value": -0.1217,
  "current_price": 168.0,
  "features": {
    "overnight_futures_pct": -0.208,
    "net_options_flow": -1.2295,
    "news_sentiment_score": -1.0372,
    "global_index_impact_score": -1.1937,
    "prior_close_return": -0.0899,
    "intraday_volatility": -3.39
  },
  "model_predictions": {
    "lightgbm": -0.1217,
    "lstm": 0.0
  },
  "model_version": "v1.0",
  "confidence_threshold": 0.7
}