After Close Engine Prediction
Generated: 2025-08-20T18:06:48.867536
Symbol: AMD
Direction: SKIP
Expected Open: $168.32
Confidence: 15.9%

Full Prediction JSON:
{
  "timestamp": "2025-08-20T18:06:48.867536",
  "symbol": "AMD",
  "direction": "SKIP",
  "expected_open": 168.32,
  "confidence": 0.159,
  "prediction_value": 0.3187,
  "current_price": 168.0,
  "features": {
    "overnight_futures_pct": 0.9508,
    "net_options_flow": -2.1148,
    "news_sentiment_score": -0.3639,
    "global_index_impact_score": 0.3716,
    "prior_close_return": -0.0902,
    "intraday_volatility": -3.39
  },
  "model_predictions": {
    "lightgbm": 0.3187,
    "lstm": 0.0
  },
  "model_version": "v1.0",
  "confidence_threshold": 0.7
}