After Close Engine Prediction
Generated: 2025-08-20T17:38:33.292294
Symbol: AMD
Direction: SKIP
Expected Open: $168.23
Confidence: 11.4%

Full Prediction JSON:
{
  "timestamp": "2025-08-20T17:38:33.292294",
  "symbol": "AMD",
  "direction": "SKIP",
  "expected_open": 168.23,
  "confidence": 0.114,
  "prediction_value": 0.2272,
  "current_price": 168.0,
  "features": {
    "overnight_futures_pct": 0.0827,
    "net_options_flow": -0.7473,
    "news_sentiment_score": 1.3648,
    "global_index_impact_score": -0.9923,
    "prior_close_return": -0.0817,
    "intraday_volatility": -3.3894
  },
  "model_predictions": {
    "lightgbm": 0.2272,
    "lstm": 0.0
  },
  "model_version": "v1.0",
  "confidence_threshold": 0.7
}