After Close Engine Prediction
Generated: 2025-08-20T19:03:33.329693
Symbol: AMD
Direction: SKIP
Expected Open: $167.86
Confidence: 7.2%

Full Prediction JSON:
{
  "timestamp": "2025-08-20T19:03:33.329693",
  "symbol": "AMD",
  "direction": "SKIP",
  "expected_open": 167.86,
  "confidence": 0.072,
  "prediction_value": -0.1432,
  "current_price": 168.0,
  "features": {
    "overnight_futures_pct": -1.0197,
    "net_options_flow": -0.513,
    "news_sentiment_score": -1.0372,
    "global_index_impact_score": -0.144,
    "prior_close_return": -0.0827,
    "intraday_volatility": -3.391
  },
  "model_predictions": {
    "lightgbm": -0.1432,
    "lstm": 0.0
  },
  "model_version": "v1.0",
  "confidence_threshold": 0.7
}