After Close Engine Prediction
Generated: 2025-08-21T17:48:11.611836
Symbol: AMD
Direction: SKIP
Expected Open: $167.43
Confidence: 28.3%

Full Prediction JSON:
{
  "timestamp": "2025-08-21T17:48:11.611836",
  "symbol": "AMD",
  "direction": "SKIP",
  "expected_open": 167.43,
  "confidence": 0.283,
  "prediction_value": -0.5653,
  "current_price": 168.0,
  "features": {
    "overnight_futures_pct": -1.3767,
    "net_options_flow": 1.6281,
    "news_sentiment_score": -1.8015,
    "global_index_impact_score": -0.2173,
    "prior_close_return": -0.0825,
    "intraday_volatility": -3.3904
  },
  "model_predictions": {
    "lightgbm": -0.5653,
    "lstm": 0.0
  },
  "model_version": "v1.0",
  "confidence_threshold": 0.7
}