After Close Engine Prediction
Generated: 2025-08-19T17:41:19.787921
Symbol: AMD
Direction: SKIP
Expected Open: $168.05
Confidence: 2.7%

Full Prediction JSON:
{
  "timestamp": "2025-08-19T17:41:19.787921",
  "symbol": "AMD",
  "direction": "SKIP",
  "expected_open": 168.05,
  "confidence": 0.027,
  "prediction_value": 0.0531,
  "current_price": 168.0,
  "features": {
    "overnight_futures_pct": 2.0369,
    "net_options_flow": 2.8576,
    "news_sentiment_score": 0.273,
    "global_index_impact_score": -0.1806,
    "prior_close_return": -0.0842,
    "intraday_volatility": -3.4006
  },
  "model_predictions": {
    "lightgbm": 0.0531,
    "lstm": 0.0
  },
  "model_version": "v1.0",
  "confidence_threshold": 0.7
}