After Close Engine Prediction
Generated: 2025-08-21T17:53:11.765627
Symbol: AMD
Direction: SKIP
Expected Open: $168.09
Confidence: 4.3%

Full Prediction JSON:
{
  "timestamp": "2025-08-21T17:53:11.765627",
  "symbol": "AMD",
  "direction": "SKIP",
  "expected_open": 168.09,
  "confidence": 0.043,
  "prediction_value": 0.0853,
  "current_price": 168.0,
  "features": {
    "overnight_futures_pct": 1.1826,
    "net_options_flow": -3.2044,
    "news_sentiment_score": -1.2738,
    "global_index_impact_score": -2.6674,
    "prior_close_return": -0.0845,
    "intraday_volatility": -3.3905
  },
  "model_predictions": {
    "lightgbm": 0.0853,
    "lstm": 0.0
  },
  "model_version": "v1.0",
  "confidence_threshold": 0.7
}