After Close Engine Prediction
Generated: 2025-08-21T16:20:46.908010
Symbol: AMD
Direction: SKIP
Expected Open: $168.14
Confidence: 6.8%

Full Prediction JSON:
{
  "timestamp": "2025-08-21T16:20:46.908010",
  "symbol": "AMD",
  "direction": "SKIP",
  "expected_open": 168.14,
  "confidence": 0.068,
  "prediction_value": 0.1353,
  "current_price": 168.0,
  "features": {
    "overnight_futures_pct": 1.7037,
    "net_options_flow": 1.5785,
    "news_sentiment_score": -0.928,
    "global_index_impact_score": 1.8973,
    "prior_close_return": -0.0971,
    "intraday_volatility": -3.3878
  },
  "model_predictions": {
    "lightgbm": 0.1353,
    "lstm": 0.0
  },
  "model_version": "v1.0",
  "confidence_threshold": 0.7
}