After Close Engine Prediction
Generated: 2025-08-21T13:54:55.148677
Symbol: AMD
Direction: SKIP
Expected Open: $168.21
Confidence: 10.7%

Full Prediction JSON:
{
  "timestamp": "2025-08-21T13:54:55.148677",
  "symbol": "AMD",
  "direction": "SKIP",
  "expected_open": 168.21,
  "confidence": 0.107,
  "prediction_value": 0.2131,
  "current_price": 168.0,
  "features": {
    "overnight_futures_pct": 0.4648,
    "net_options_flow": -0.1391,
    "news_sentiment_score": 0.3639,
    "global_index_impact_score": -1.1113,
    "prior_close_return": -0.0952,
    "intraday_volatility": -3.3845
  },
  "model_predictions": {
    "lightgbm": 0.2131,
    "lstm": 0.0
  },
  "model_version": "v1.0",
  "confidence_threshold": 0.7
}