After Close Engine Prediction
Generated: 2025-08-21T14:01:29.372169
Symbol: AMD
Direction: SKIP
Expected Open: $168.27
Confidence: 13.6%

Full Prediction JSON:
{
  "timestamp": "2025-08-21T14:01:29.372169",
  "symbol": "AMD",
  "direction": "SKIP",
  "expected_open": 168.27,
  "confidence": 0.136,
  "prediction_value": 0.2718,
  "current_price": 168.0,
  "features": {
    "overnight_futures_pct": 0.4297,
    "net_options_flow": 2.1499,
    "news_sentiment_score": 1.383,
    "global_index_impact_score": 1.4579,
    "prior_close_return": -0.1035,
    "intraday_volatility": -3.3835
  },
  "model_predictions": {
    "lightgbm": 0.2718,
    "lstm": 0.0
  },
  "model_version": "v1.0",
  "confidence_threshold": 0.7
}