After Close Engine Prediction
Generated: 2025-08-20T15:37:11.092939
Symbol: AMD
Direction: SKIP
Expected Open: $168.27
Confidence: 13.3%

Full Prediction JSON:
{
  "timestamp": "2025-08-20T15:37:11.092939",
  "symbol": "AMD",
  "direction": "SKIP",
  "expected_open": 168.27,
  "confidence": 0.133,
  "prediction_value": 0.2659,
  "current_price": 168.0,
  "features": {
    "overnight_futures_pct": 0.0614,
    "net_options_flow": 1.1678,
    "news_sentiment_score": 0.9826,
    "global_index_impact_score": 2.0865,
    "prior_close_return": -0.0834,
    "intraday_volatility": -3.3871
  },
  "model_predictions": {
    "lightgbm": 0.2659,
    "lstm": 0.0
  },
  "model_version": "v1.0",
  "confidence_threshold": 0.7
}