After Close Engine Prediction
Generated: 2025-08-21T15:16:38.340515
Symbol: AMD
Direction: SKIP
Expected Open: $168.08
Confidence: 3.8%

Full Prediction JSON:
{
  "timestamp": "2025-08-21T15:16:38.340515",
  "symbol": "AMD",
  "direction": "SKIP",
  "expected_open": 168.08,
  "confidence": 0.038,
  "prediction_value": 0.0762,
  "current_price": 168.0,
  "features": {
    "overnight_futures_pct": -0.3232,
    "net_options_flow": 1.2146,
    "news_sentiment_score": 1.3284,
    "global_index_impact_score": 2.2787,
    "prior_close_return": -0.097,
    "intraday_volatility": -3.3861
  },
  "model_predictions": {
    "lightgbm": 0.0762,
    "lstm": 0.0
  },
  "model_version": "v1.0",
  "confidence_threshold": 0.7
}