After Close Engine Prediction
Generated: 2025-08-20T16:12:43.954477
Symbol: AMD
Direction: SKIP
Expected Open: $167.7
Confidence: 14.9%

Full Prediction JSON:
{
  "timestamp": "2025-08-20T16:12:43.954477",
  "symbol": "AMD",
  "direction": "SKIP",
  "expected_open": 167.7,
  "confidence": 0.149,
  "prediction_value": -0.2977,
  "current_price": 168.0,
  "features": {
    "overnight_futures_pct": -0.8118,
    "net_options_flow": 0.3578,
    "news_sentiment_score": 1.4921,
    "global_index_impact_score": -1.9748,
    "prior_close_return": -0.0855,
    "intraday_volatility": -3.3873
  },
  "model_predictions": {
    "lightgbm": -0.2977,
    "lstm": 0.0
  },
  "model_version": "v1.0",
  "confidence_threshold": 0.7
}