After Close Engine Prediction
Generated: 2025-08-21T13:44:11.096342
Symbol: AMD
Direction: SKIP
Expected Open: $168.08
Confidence: 4.1%

Full Prediction JSON:
{
  "timestamp": "2025-08-21T13:44:11.096342",
  "symbol": "AMD",
  "direction": "SKIP",
  "expected_open": 168.08,
  "confidence": 0.041,
  "prediction_value": 0.0828,
  "current_price": 168.0,
  "features": {
    "overnight_futures_pct": 0.1867,
    "net_options_flow": 1.0967,
    "news_sentiment_score": 1.201,
    "global_index_impact_score": 0.1245,
    "prior_close_return": -0.0902,
    "intraday_volatility": -3.3847
  },
  "model_predictions": {
    "lightgbm": 0.0828,
    "lstm": 0.0
  },
  "model_version": "v1.0",
  "confidence_threshold": 0.7
}