After Close Engine Prediction
Generated: 2025-08-20T16:14:38.282949
Symbol: AMD
Direction: SKIP
Expected Open: $167.32
Confidence: 34.1%

Full Prediction JSON:
{
  "timestamp": "2025-08-20T16:14:38.282949",
  "symbol": "AMD",
  "direction": "SKIP",
  "expected_open": 167.32,
  "confidence": 0.341,
  "prediction_value": -0.6827,
  "current_price": 168.0,
  "features": {
    "overnight_futures_pct": -1.9831,
    "net_options_flow": 1.7513,
    "news_sentiment_score": -1.1464,
    "global_index_impact_score": -0.8428,
    "prior_close_return": -0.0845,
    "intraday_volatility": -3.3872
  },
  "model_predictions": {
    "lightgbm": -0.6827,
    "lstm": 0.0
  },
  "model_version": "v1.0",
  "confidence_threshold": 0.7
}