After Close Engine Prediction
Generated: 2025-08-20T17:58:53.861885
Symbol: AMD
Direction: SKIP
Expected Open: $167.4
Confidence: 29.9%

Full Prediction JSON:
{
  "timestamp": "2025-08-20T17:58:53.861885",
  "symbol": "AMD",
  "direction": "SKIP",
  "expected_open": 167.4,
  "confidence": 0.299,
  "prediction_value": -0.5985,
  "current_price": 168.0,
  "features": {
    "overnight_futures_pct": -0.8193,
    "net_options_flow": 2.0682,
    "news_sentiment_score": -1.7833,
    "global_index_impact_score": -1.9687,
    "prior_close_return": -0.0876,
    "intraday_volatility": -3.3899
  },
  "model_predictions": {
    "lightgbm": -0.5985,
    "lstm": 0.0
  },
  "model_version": "v1.0",
  "confidence_threshold": 0.7
}