After Close Engine Prediction
Generated: 2025-08-21T15:30:31.078143
Symbol: AMD
Direction: SKIP
Expected Open: $168.27
Confidence: 13.3%

Full Prediction JSON:
{
  "timestamp": "2025-08-21T15:30:31.078143",
  "symbol": "AMD",
  "direction": "SKIP",
  "expected_open": 168.27,
  "confidence": 0.133,
  "prediction_value": 0.2659,
  "current_price": 168.0,
  "features": {
    "overnight_futures_pct": 0.1115,
    "net_options_flow": 0.8789,
    "news_sentiment_score": 1.4376,
    "global_index_impact_score": 1.3572,
    "prior_close_return": -0.0867,
    "intraday_volatility": -3.388
  },
  "model_predictions": {
    "lightgbm": 0.2659,
    "lstm": 0.0
  },
  "model_version": "v1.0",
  "confidence_threshold": 0.7
}