After Close Engine Prediction
Generated: 2025-08-20T16:35:40.550522
Symbol: AMD
Direction: SKIP
Expected Open: $168.26
Confidence: 13.2%

Full Prediction JSON:
{
  "timestamp": "2025-08-20T16:35:40.550522",
  "symbol": "AMD",
  "direction": "SKIP",
  "expected_open": 168.26,
  "confidence": 0.132,
  "prediction_value": 0.2635,
  "current_price": 168.0,
  "features": {
    "overnight_futures_pct": 1.477,
    "net_options_flow": -1.7176,
    "news_sentiment_score": 0.928,
    "global_index_impact_score": -1.5629,
    "prior_close_return": -0.0905,
    "intraday_volatility": -3.3885
  },
  "model_predictions": {
    "lightgbm": 0.2635,
    "lstm": 0.0
  },
  "model_version": "v1.0",
  "confidence_threshold": 0.7
}