After Close Engine Prediction
Generated: 2025-08-21T14:15:55.356432
Symbol: AMD
Direction: SKIP
Expected Open: $168.19
Confidence: 9.3%

Full Prediction JSON:
{
  "timestamp": "2025-08-21T14:15:55.356432",
  "symbol": "AMD",
  "direction": "SKIP",
  "expected_open": 168.19,
  "confidence": 0.093,
  "prediction_value": 0.1854,
  "current_price": 168.0,
  "features": {
    "overnight_futures_pct": 1.1976,
    "net_options_flow": -0.8755,
    "news_sentiment_score": -0.5641,
    "global_index_impact_score": 0.1367,
    "prior_close_return": -0.0971,
    "intraday_volatility": -3.3844
  },
  "model_predictions": {
    "lightgbm": 0.1854,
    "lstm": 0.0
  },
  "model_version": "v1.0",
  "confidence_threshold": 0.7
}