After Close Engine Prediction
Generated: 2025-08-20T18:33:24.852651
Symbol: AMD
Direction: SKIP
Expected Open: $168.32
Confidence: 16.0%

Full Prediction JSON:
{
  "timestamp": "2025-08-20T18:33:24.852651",
  "symbol": "AMD",
  "direction": "SKIP",
  "expected_open": 168.32,
  "confidence": 0.16,
  "prediction_value": 0.3204,
  "current_price": 168.0,
  "features": {
    "overnight_futures_pct": 0.1391,
    "net_options_flow": -2.2971,
    "news_sentiment_score": -1.4739,
    "global_index_impact_score": 3.426,
    "prior_close_return": -0.0859,
    "intraday_volatility": -3.3913
  },
  "model_predictions": {
    "lightgbm": 0.3204,
    "lstm": 0.0
  },
  "model_version": "v1.0",
  "confidence_threshold": 0.7
}