After Close Engine Prediction
Generated: 2025-08-20T16:24:25.116138
Symbol: AMD
Direction: SKIP
Expected Open: $168.28
Confidence: 13.8%

Full Prediction JSON:
{
  "timestamp": "2025-08-20T16:24:25.116138",
  "symbol": "AMD",
  "direction": "SKIP",
  "expected_open": 168.28,
  "confidence": 0.138,
  "prediction_value": 0.2757,
  "current_price": 168.0,
  "features": {
    "overnight_futures_pct": -0.9496,
    "net_options_flow": -0.7963,
    "news_sentiment_score": 0.4731,
    "global_index_impact_score": 1.0124,
    "prior_close_return": -0.0821,
    "intraday_volatility": -3.387
  },
  "model_predictions": {
    "lightgbm": 0.2757,
    "lstm": 0.0
  },
  "model_version": "v1.0",
  "confidence_threshold": 0.7
}