After Close Engine Prediction
Generated: 2025-08-20T17:53:10.569947
Symbol: AMD
Direction: SKIP
Expected Open: $167.32
Confidence: 34.0%

Full Prediction JSON:
{
  "timestamp": "2025-08-20T17:53:10.569947",
  "symbol": "AMD",
  "direction": "SKIP",
  "expected_open": 167.32,
  "confidence": 0.34,
  "prediction_value": -0.6792,
  "current_price": 168.0,
  "features": {
    "overnight_futures_pct": -1.5684,
    "net_options_flow": 0.4152,
    "news_sentiment_score": -1.2738,
    "global_index_impact_score": -1.4164,
    "prior_close_return": -0.0853,
    "intraday_volatility": -3.3898
  },
  "model_predictions": {
    "lightgbm": -0.6792,
    "lstm": 0.0
  },
  "model_version": "v1.0",
  "confidence_threshold": 0.7
}