After Close Engine Prediction
Generated: 2025-08-20T17:13:13.204455
Symbol: AMD
Direction: SKIP
Expected Open: $168.5
Confidence: 24.9%

Full Prediction JSON:
{
  "timestamp": "2025-08-20T17:13:13.204455",
  "symbol": "AMD",
  "direction": "SKIP",
  "expected_open": 168.5,
  "confidence": 0.249,
  "prediction_value": 0.4984,
  "current_price": 168.0,
  "features": {
    "overnight_futures_pct": 0.9508,
    "net_options_flow": -1.2267,
    "news_sentiment_score": 1.2738,
    "global_index_impact_score": 1.2474,
    "prior_close_return": -0.0902,
    "intraday_volatility": -3.3885
  },
  "model_predictions": {
    "lightgbm": 0.4984,
    "lstm": 0.0
  },
  "model_version": "v1.0",
  "confidence_threshold": 0.7
}