After Close Engine Prediction
Generated: 2025-08-21T15:41:18.489314
Symbol: AMD
Direction: SKIP
Expected Open: $168.26
Confidence: 12.9%

Full Prediction JSON:
{
  "timestamp": "2025-08-21T15:41:18.489314",
  "symbol": "AMD",
  "direction": "SKIP",
  "expected_open": 168.26,
  "confidence": 0.129,
  "prediction_value": 0.2575,
  "current_price": 168.0,
  "features": {
    "overnight_futures_pct": 0.6176,
    "net_options_flow": 0.7435,
    "news_sentiment_score": 0.0364,
    "global_index_impact_score": 1.6166,
    "prior_close_return": -0.0876,
    "intraday_volatility": -3.3881
  },
  "model_predictions": {
    "lightgbm": 0.2575,
    "lstm": 0.0
  },
  "model_version": "v1.0",
  "confidence_threshold": 0.7
}