After Close Engine Prediction
Generated: 2025-08-21T14:08:35.303728
Symbol: AMD
Direction: SKIP
Expected Open: $167.5
Confidence: 25.1%

Full Prediction JSON:
{
  "timestamp": "2025-08-21T14:08:35.303728",
  "symbol": "AMD",
  "direction": "SKIP",
  "expected_open": 167.5,
  "confidence": 0.251,
  "prediction_value": -0.5013,
  "current_price": 168.0,
  "features": {
    "overnight_futures_pct": -1.0911,
    "net_options_flow": 2.349,
    "news_sentiment_score": -0.0182,
    "global_index_impact_score": -1.6727,
    "prior_close_return": -0.0984,
    "intraday_volatility": -3.3843
  },
  "model_predictions": {
    "lightgbm": -0.5013,
    "lstm": 0.0
  },
  "model_version": "v1.0",
  "confidence_threshold": 0.7
}