After Close Engine Prediction
Generated: 2025-08-19T18:04:05.958442
Symbol: AMD
Direction: SKIP
Expected Open: $167.88
Confidence: 5.8%

Full Prediction JSON:
{
  "timestamp": "2025-08-19T18:04:05.958442",
  "symbol": "AMD",
  "direction": "SKIP",
  "expected_open": 167.88,
  "confidence": 0.058,
  "prediction_value": -0.1154,
  "current_price": 168.0,
  "features": {
    "overnight_futures_pct": -0.7629,
    "net_options_flow": 2.2171,
    "news_sentiment_score": -0.2002,
    "global_index_impact_score": 2.9164,
    "prior_close_return": -0.0882,
    "intraday_volatility": -3.4009
  },
  "model_predictions": {
    "lightgbm": -0.1154,
    "lstm": 0.0
  },
  "model_version": "v1.0",
  "confidence_threshold": 0.7
}