After Close Engine Prediction
Generated: 2025-08-21T13:48:05.174955
Symbol: AMD
Direction: SKIP
Expected Open: $167.56
Confidence: 22.2%

Full Prediction JSON:
{
  "timestamp": "2025-08-21T13:48:05.174955",
  "symbol": "AMD",
  "direction": "SKIP",
  "expected_open": 167.56,
  "confidence": 0.222,
  "prediction_value": -0.4442,
  "current_price": 168.0,
  "features": {
    "overnight_futures_pct": -1.3254,
    "net_options_flow": 1.4895,
    "news_sentiment_score": 0.6915,
    "global_index_impact_score": -1.4378,
    "prior_close_return": -0.0893,
    "intraday_volatility": -3.3847
  },
  "model_predictions": {
    "lightgbm": -0.4442,
    "lstm": 0.0
  },
  "model_version": "v1.0",
  "confidence_threshold": 0.7
}